ARM GAS  /tmp/ccGzfYVr.s 			page 1


   1              		.cpu cortex-m4
   2              		.eabi_attribute 27, 1
   3              		.eabi_attribute 28, 1
   4              		.eabi_attribute 20, 1
   5              		.eabi_attribute 21, 1
   6              		.eabi_attribute 23, 3
   7              		.eabi_attribute 24, 1
   8              		.eabi_attribute 25, 1
   9              		.eabi_attribute 26, 1
  10              		.eabi_attribute 30, 1
  11              		.eabi_attribute 34, 1
  12              		.eabi_attribute 18, 4
  13              		.file	"i2s.c"
  14              		.text
  15              	.Ltext0:
  16              		.cfi_sections	.debug_frame
  17              		.section	.text.MX_I2S1_Init,"ax",%progbits
  18              		.align	1
  19              		.global	MX_I2S1_Init
  20              		.arch armv7e-m
  21              		.syntax unified
  22              		.thumb
  23              		.thumb_func
  24              		.fpu fpv4-sp-d16
  26              	MX_I2S1_Init:
  27              	.LFB134:
  28              		.file 1 "Core/Src/i2s.c"
   1:Core/Src/i2s.c **** /* USER CODE BEGIN Header */
   2:Core/Src/i2s.c **** /**
   3:Core/Src/i2s.c ****   ******************************************************************************
   4:Core/Src/i2s.c ****   * @file    i2s.c
   5:Core/Src/i2s.c ****   * @brief   This file provides code for the configuration
   6:Core/Src/i2s.c ****   *          of the I2S instances.
   7:Core/Src/i2s.c ****   ******************************************************************************
   8:Core/Src/i2s.c ****   * @attention
   9:Core/Src/i2s.c ****   *
  10:Core/Src/i2s.c ****   * Copyright (c) 2025 STMicroelectronics.
  11:Core/Src/i2s.c ****   * All rights reserved.
  12:Core/Src/i2s.c ****   *
  13:Core/Src/i2s.c ****   * This software is licensed under terms that can be found in the LICENSE file
  14:Core/Src/i2s.c ****   * in the root directory of this software component.
  15:Core/Src/i2s.c ****   * If no LICENSE file comes with this software, it is provided AS-IS.
  16:Core/Src/i2s.c ****   *
  17:Core/Src/i2s.c ****   ******************************************************************************
  18:Core/Src/i2s.c ****   */
  19:Core/Src/i2s.c **** /* USER CODE END Header */
  20:Core/Src/i2s.c **** /* Includes ------------------------------------------------------------------*/
  21:Core/Src/i2s.c **** #include "i2s.h"
  22:Core/Src/i2s.c **** 
  23:Core/Src/i2s.c **** /* USER CODE BEGIN 0 */
  24:Core/Src/i2s.c **** 
  25:Core/Src/i2s.c **** /* USER CODE END 0 */
  26:Core/Src/i2s.c **** 
  27:Core/Src/i2s.c **** I2S_HandleTypeDef hi2s1;
  28:Core/Src/i2s.c **** DMA_HandleTypeDef hdma_spi1_rx;
  29:Core/Src/i2s.c **** 
  30:Core/Src/i2s.c **** /* I2S1 init function */
ARM GAS  /tmp/ccGzfYVr.s 			page 2


  31:Core/Src/i2s.c **** void MX_I2S1_Init(void)
  32:Core/Src/i2s.c **** {
  29              		.loc 1 32 1 view -0
  30              		.cfi_startproc
  31              		@ args = 0, pretend = 0, frame = 0
  32              		@ frame_needed = 0, uses_anonymous_args = 0
  33 0000 08B5     		push	{r3, lr}
  34              	.LCFI0:
  35              		.cfi_def_cfa_offset 8
  36              		.cfi_offset 3, -8
  37              		.cfi_offset 14, -4
  33:Core/Src/i2s.c **** 
  34:Core/Src/i2s.c ****   /* USER CODE BEGIN I2S1_Init 0 */
  35:Core/Src/i2s.c **** 
  36:Core/Src/i2s.c ****   /* USER CODE END I2S1_Init 0 */
  37:Core/Src/i2s.c **** 
  38:Core/Src/i2s.c ****   /* USER CODE BEGIN I2S1_Init 1 */
  39:Core/Src/i2s.c **** 
  40:Core/Src/i2s.c ****   /* USER CODE END I2S1_Init 1 */
  41:Core/Src/i2s.c ****   hi2s1.Instance = SPI1;
  38              		.loc 1 41 3 view .LVU1
  39              		.loc 1 41 18 is_stmt 0 view .LVU2
  40 0002 0C48     		ldr	r0, .L5
  41 0004 0C4B     		ldr	r3, .L5+4
  42 0006 0360     		str	r3, [r0]
  42:Core/Src/i2s.c ****   hi2s1.Init.Mode = I2S_MODE_MASTER_RX;
  43              		.loc 1 42 3 is_stmt 1 view .LVU3
  44              		.loc 1 42 19 is_stmt 0 view .LVU4
  45 0008 4FF44073 		mov	r3, #768
  46 000c 4360     		str	r3, [r0, #4]
  43:Core/Src/i2s.c ****   hi2s1.Init.Standard = I2S_STANDARD_PHILIPS;
  47              		.loc 1 43 3 is_stmt 1 view .LVU5
  48              		.loc 1 43 23 is_stmt 0 view .LVU6
  49 000e 0023     		movs	r3, #0
  50 0010 8360     		str	r3, [r0, #8]
  44:Core/Src/i2s.c ****   hi2s1.Init.DataFormat = I2S_DATAFORMAT_24B;
  51              		.loc 1 44 3 is_stmt 1 view .LVU7
  52              		.loc 1 44 25 is_stmt 0 view .LVU8
  53 0012 0322     		movs	r2, #3
  54 0014 C260     		str	r2, [r0, #12]
  45:Core/Src/i2s.c ****   hi2s1.Init.MCLKOutput = I2S_MCLKOUTPUT_DISABLE;
  55              		.loc 1 45 3 is_stmt 1 view .LVU9
  56              		.loc 1 45 25 is_stmt 0 view .LVU10
  57 0016 0361     		str	r3, [r0, #16]
  46:Core/Src/i2s.c ****   hi2s1.Init.AudioFreq = I2S_AUDIOFREQ_16K;
  58              		.loc 1 46 3 is_stmt 1 view .LVU11
  59              		.loc 1 46 24 is_stmt 0 view .LVU12
  60 0018 4FF47A52 		mov	r2, #16000
  61 001c 4261     		str	r2, [r0, #20]
  47:Core/Src/i2s.c ****   hi2s1.Init.CPOL = I2S_CPOL_LOW;
  62              		.loc 1 47 3 is_stmt 1 view .LVU13
  63              		.loc 1 47 19 is_stmt 0 view .LVU14
  64 001e 8361     		str	r3, [r0, #24]
  48:Core/Src/i2s.c ****   hi2s1.Init.ClockSource = I2S_CLOCK_PLL;
  65              		.loc 1 48 3 is_stmt 1 view .LVU15
  66              		.loc 1 48 26 is_stmt 0 view .LVU16
  67 0020 C361     		str	r3, [r0, #28]
ARM GAS  /tmp/ccGzfYVr.s 			page 3


  49:Core/Src/i2s.c ****   hi2s1.Init.FullDuplexMode = I2S_FULLDUPLEXMODE_DISABLE;
  68              		.loc 1 49 3 is_stmt 1 view .LVU17
  69              		.loc 1 49 29 is_stmt 0 view .LVU18
  70 0022 0362     		str	r3, [r0, #32]
  50:Core/Src/i2s.c ****   if (HAL_I2S_Init(&hi2s1) != HAL_OK)
  71              		.loc 1 50 3 is_stmt 1 view .LVU19
  72              		.loc 1 50 7 is_stmt 0 view .LVU20
  73 0024 FFF7FEFF 		bl	HAL_I2S_Init
  74              	.LVL0:
  75              		.loc 1 50 6 view .LVU21
  76 0028 00B9     		cbnz	r0, .L4
  77              	.L1:
  51:Core/Src/i2s.c ****   {
  52:Core/Src/i2s.c ****     Error_Handler();
  53:Core/Src/i2s.c ****   }
  54:Core/Src/i2s.c ****   /* USER CODE BEGIN I2S1_Init 2 */
  55:Core/Src/i2s.c **** 
  56:Core/Src/i2s.c ****   /* USER CODE END I2S1_Init 2 */
  57:Core/Src/i2s.c **** 
  58:Core/Src/i2s.c **** }
  78              		.loc 1 58 1 view .LVU22
  79 002a 08BD     		pop	{r3, pc}
  80              	.L4:
  52:Core/Src/i2s.c ****   }
  81              		.loc 1 52 5 is_stmt 1 view .LVU23
  82 002c FFF7FEFF 		bl	Error_Handler
  83              	.LVL1:
  84              		.loc 1 58 1 is_stmt 0 view .LVU24
  85 0030 FBE7     		b	.L1
  86              	.L6:
  87 0032 00BF     		.align	2
  88              	.L5:
  89 0034 00000000 		.word	.LANCHOR0
  90 0038 00300140 		.word	1073819648
  91              		.cfi_endproc
  92              	.LFE134:
  94              		.section	.text.HAL_I2S_MspInit,"ax",%progbits
  95              		.align	1
  96              		.global	HAL_I2S_MspInit
  97              		.syntax unified
  98              		.thumb
  99              		.thumb_func
 100              		.fpu fpv4-sp-d16
 102              	HAL_I2S_MspInit:
 103              	.LVL2:
 104              	.LFB135:
  59:Core/Src/i2s.c **** 
  60:Core/Src/i2s.c **** void HAL_I2S_MspInit(I2S_HandleTypeDef* i2sHandle)
  61:Core/Src/i2s.c **** {
 105              		.loc 1 61 1 is_stmt 1 view -0
 106              		.cfi_startproc
 107              		@ args = 0, pretend = 0, frame = 120
 108              		@ frame_needed = 0, uses_anonymous_args = 0
 109              		.loc 1 61 1 is_stmt 0 view .LVU26
 110 0000 30B5     		push	{r4, r5, lr}
 111              	.LCFI1:
 112              		.cfi_def_cfa_offset 12
ARM GAS  /tmp/ccGzfYVr.s 			page 4


 113              		.cfi_offset 4, -12
 114              		.cfi_offset 5, -8
 115              		.cfi_offset 14, -4
 116 0002 9FB0     		sub	sp, sp, #124
 117              	.LCFI2:
 118              		.cfi_def_cfa_offset 136
 119 0004 0446     		mov	r4, r0
  62:Core/Src/i2s.c **** 
  63:Core/Src/i2s.c ****   GPIO_InitTypeDef GPIO_InitStruct = {0};
 120              		.loc 1 63 3 is_stmt 1 view .LVU27
 121              		.loc 1 63 20 is_stmt 0 view .LVU28
 122 0006 0021     		movs	r1, #0
 123 0008 1991     		str	r1, [sp, #100]
 124 000a 1A91     		str	r1, [sp, #104]
 125 000c 1B91     		str	r1, [sp, #108]
 126 000e 1C91     		str	r1, [sp, #112]
 127 0010 1D91     		str	r1, [sp, #116]
  64:Core/Src/i2s.c ****   RCC_PeriphCLKInitTypeDef PeriphClkInitStruct = {0};
 128              		.loc 1 64 3 is_stmt 1 view .LVU29
 129              		.loc 1 64 28 is_stmt 0 view .LVU30
 130 0012 5C22     		movs	r2, #92
 131 0014 02A8     		add	r0, sp, #8
 132              	.LVL3:
 133              		.loc 1 64 28 view .LVU31
 134 0016 FFF7FEFF 		bl	memset
 135              	.LVL4:
  65:Core/Src/i2s.c ****   if(i2sHandle->Instance==SPI1)
 136              		.loc 1 65 3 is_stmt 1 view .LVU32
 137              		.loc 1 65 15 is_stmt 0 view .LVU33
 138 001a 2268     		ldr	r2, [r4]
 139              		.loc 1 65 5 view .LVU34
 140 001c 2D4B     		ldr	r3, .L15
 141 001e 9A42     		cmp	r2, r3
 142 0020 01D0     		beq	.L12
 143              	.L7:
  66:Core/Src/i2s.c ****   {
  67:Core/Src/i2s.c ****   /* USER CODE BEGIN SPI1_MspInit 0 */
  68:Core/Src/i2s.c **** 
  69:Core/Src/i2s.c ****   /* USER CODE END SPI1_MspInit 0 */
  70:Core/Src/i2s.c **** 
  71:Core/Src/i2s.c ****   /** Initializes the peripherals clock
  72:Core/Src/i2s.c ****   */
  73:Core/Src/i2s.c ****     PeriphClkInitStruct.PeriphClockSelection = RCC_PERIPHCLK_I2S_APB2;
  74:Core/Src/i2s.c ****     PeriphClkInitStruct.PLLI2S.PLLI2SN = 50;
  75:Core/Src/i2s.c ****     PeriphClkInitStruct.PLLI2S.PLLI2SP = RCC_PLLI2SP_DIV2;
  76:Core/Src/i2s.c ****     PeriphClkInitStruct.PLLI2S.PLLI2SM = 4;
  77:Core/Src/i2s.c ****     PeriphClkInitStruct.PLLI2S.PLLI2SR = 2;
  78:Core/Src/i2s.c ****     PeriphClkInitStruct.PLLI2S.PLLI2SQ = 2;
  79:Core/Src/i2s.c ****     PeriphClkInitStruct.PLLI2SDivQ = 1;
  80:Core/Src/i2s.c ****     PeriphClkInitStruct.I2sApb2ClockSelection = RCC_I2SAPB2CLKSOURCE_PLLI2S;
  81:Core/Src/i2s.c ****     if (HAL_RCCEx_PeriphCLKConfig(&PeriphClkInitStruct) != HAL_OK)
  82:Core/Src/i2s.c ****     {
  83:Core/Src/i2s.c ****       Error_Handler();
  84:Core/Src/i2s.c ****     }
  85:Core/Src/i2s.c **** 
  86:Core/Src/i2s.c ****     /* I2S1 clock enable */
  87:Core/Src/i2s.c ****     __HAL_RCC_SPI1_CLK_ENABLE();
ARM GAS  /tmp/ccGzfYVr.s 			page 5


  88:Core/Src/i2s.c **** 
  89:Core/Src/i2s.c ****     __HAL_RCC_GPIOA_CLK_ENABLE();
  90:Core/Src/i2s.c ****     /**I2S1 GPIO Configuration
  91:Core/Src/i2s.c ****     PA4     ------> I2S1_WS
  92:Core/Src/i2s.c ****     PA5     ------> I2S1_CK
  93:Core/Src/i2s.c ****     PA7     ------> I2S1_SD
  94:Core/Src/i2s.c ****     */
  95:Core/Src/i2s.c ****     GPIO_InitStruct.Pin = GPIO_PIN_4|GPIO_PIN_5|GPIO_PIN_7;
  96:Core/Src/i2s.c ****     GPIO_InitStruct.Mode = GPIO_MODE_AF_PP;
  97:Core/Src/i2s.c ****     GPIO_InitStruct.Pull = GPIO_NOPULL;
  98:Core/Src/i2s.c ****     GPIO_InitStruct.Speed = GPIO_SPEED_FREQ_LOW;
  99:Core/Src/i2s.c ****     GPIO_InitStruct.Alternate = GPIO_AF5_SPI1;
 100:Core/Src/i2s.c ****     HAL_GPIO_Init(GPIOA, &GPIO_InitStruct);
 101:Core/Src/i2s.c **** 
 102:Core/Src/i2s.c ****     /* I2S1 DMA Init */
 103:Core/Src/i2s.c ****     /* SPI1_RX Init */
 104:Core/Src/i2s.c ****     hdma_spi1_rx.Instance = DMA2_Stream0;
 105:Core/Src/i2s.c ****     hdma_spi1_rx.Init.Channel = DMA_CHANNEL_3;
 106:Core/Src/i2s.c ****     hdma_spi1_rx.Init.Direction = DMA_PERIPH_TO_MEMORY;
 107:Core/Src/i2s.c ****     hdma_spi1_rx.Init.PeriphInc = DMA_PINC_DISABLE;
 108:Core/Src/i2s.c ****     hdma_spi1_rx.Init.MemInc = DMA_MINC_ENABLE;
 109:Core/Src/i2s.c ****     hdma_spi1_rx.Init.PeriphDataAlignment = DMA_PDATAALIGN_WORD;
 110:Core/Src/i2s.c ****     hdma_spi1_rx.Init.MemDataAlignment = DMA_MDATAALIGN_WORD;
 111:Core/Src/i2s.c ****     hdma_spi1_rx.Init.Mode = DMA_CIRCULAR;
 112:Core/Src/i2s.c ****     hdma_spi1_rx.Init.Priority = DMA_PRIORITY_HIGH;
 113:Core/Src/i2s.c ****     hdma_spi1_rx.Init.FIFOMode = DMA_FIFOMODE_DISABLE;
 114:Core/Src/i2s.c ****     if (HAL_DMA_Init(&hdma_spi1_rx) != HAL_OK)
 115:Core/Src/i2s.c ****     {
 116:Core/Src/i2s.c ****       Error_Handler();
 117:Core/Src/i2s.c ****     }
 118:Core/Src/i2s.c **** 
 119:Core/Src/i2s.c ****     __HAL_LINKDMA(i2sHandle,hdmarx,hdma_spi1_rx);
 120:Core/Src/i2s.c **** 
 121:Core/Src/i2s.c ****   /* USER CODE BEGIN SPI1_MspInit 1 */
 122:Core/Src/i2s.c **** 
 123:Core/Src/i2s.c ****   /* USER CODE END SPI1_MspInit 1 */
 124:Core/Src/i2s.c ****   }
 125:Core/Src/i2s.c **** }
 144              		.loc 1 125 1 view .LVU35
 145 0022 1FB0     		add	sp, sp, #124
 146              	.LCFI3:
 147              		.cfi_remember_state
 148              		.cfi_def_cfa_offset 12
 149              		@ sp needed
 150 0024 30BD     		pop	{r4, r5, pc}
 151              	.LVL5:
 152              	.L12:
 153              	.LCFI4:
 154              		.cfi_restore_state
  73:Core/Src/i2s.c ****     PeriphClkInitStruct.PLLI2S.PLLI2SN = 50;
 155              		.loc 1 73 5 is_stmt 1 view .LVU36
  73:Core/Src/i2s.c ****     PeriphClkInitStruct.PLLI2S.PLLI2SN = 50;
 156              		.loc 1 73 46 is_stmt 0 view .LVU37
 157 0026 0223     		movs	r3, #2
 158 0028 0293     		str	r3, [sp, #8]
  74:Core/Src/i2s.c ****     PeriphClkInitStruct.PLLI2S.PLLI2SP = RCC_PLLI2SP_DIV2;
 159              		.loc 1 74 5 is_stmt 1 view .LVU38
ARM GAS  /tmp/ccGzfYVr.s 			page 6


  74:Core/Src/i2s.c ****     PeriphClkInitStruct.PLLI2S.PLLI2SP = RCC_PLLI2SP_DIV2;
 160              		.loc 1 74 40 is_stmt 0 view .LVU39
 161 002a 3222     		movs	r2, #50
 162 002c 0492     		str	r2, [sp, #16]
  75:Core/Src/i2s.c ****     PeriphClkInitStruct.PLLI2S.PLLI2SM = 4;
 163              		.loc 1 75 5 is_stmt 1 view .LVU40
  75:Core/Src/i2s.c ****     PeriphClkInitStruct.PLLI2S.PLLI2SM = 4;
 164              		.loc 1 75 40 is_stmt 0 view .LVU41
 165 002e 0593     		str	r3, [sp, #20]
  76:Core/Src/i2s.c ****     PeriphClkInitStruct.PLLI2S.PLLI2SR = 2;
 166              		.loc 1 76 5 is_stmt 1 view .LVU42
  76:Core/Src/i2s.c ****     PeriphClkInitStruct.PLLI2S.PLLI2SR = 2;
 167              		.loc 1 76 40 is_stmt 0 view .LVU43
 168 0030 0422     		movs	r2, #4
 169 0032 0392     		str	r2, [sp, #12]
  77:Core/Src/i2s.c ****     PeriphClkInitStruct.PLLI2S.PLLI2SQ = 2;
 170              		.loc 1 77 5 is_stmt 1 view .LVU44
  77:Core/Src/i2s.c ****     PeriphClkInitStruct.PLLI2S.PLLI2SQ = 2;
 171              		.loc 1 77 40 is_stmt 0 view .LVU45
 172 0034 0793     		str	r3, [sp, #28]
  78:Core/Src/i2s.c ****     PeriphClkInitStruct.PLLI2SDivQ = 1;
 173              		.loc 1 78 5 is_stmt 1 view .LVU46
  78:Core/Src/i2s.c ****     PeriphClkInitStruct.PLLI2SDivQ = 1;
 174              		.loc 1 78 40 is_stmt 0 view .LVU47
 175 0036 0693     		str	r3, [sp, #24]
  79:Core/Src/i2s.c ****     PeriphClkInitStruct.I2sApb2ClockSelection = RCC_I2SAPB2CLKSOURCE_PLLI2S;
 176              		.loc 1 79 5 is_stmt 1 view .LVU48
  79:Core/Src/i2s.c ****     PeriphClkInitStruct.I2sApb2ClockSelection = RCC_I2SAPB2CLKSOURCE_PLLI2S;
 177              		.loc 1 79 36 is_stmt 0 view .LVU49
 178 0038 0123     		movs	r3, #1
 179 003a 0C93     		str	r3, [sp, #48]
  80:Core/Src/i2s.c ****     if (HAL_RCCEx_PeriphCLKConfig(&PeriphClkInitStruct) != HAL_OK)
 180              		.loc 1 80 5 is_stmt 1 view .LVU50
  81:Core/Src/i2s.c ****     {
 181              		.loc 1 81 5 view .LVU51
  81:Core/Src/i2s.c ****     {
 182              		.loc 1 81 9 is_stmt 0 view .LVU52
 183 003c 02A8     		add	r0, sp, #8
 184 003e FFF7FEFF 		bl	HAL_RCCEx_PeriphCLKConfig
 185              	.LVL6:
  81:Core/Src/i2s.c ****     {
 186              		.loc 1 81 8 view .LVU53
 187 0042 0028     		cmp	r0, #0
 188 0044 40D1     		bne	.L13
 189              	.L9:
  87:Core/Src/i2s.c **** 
 190              		.loc 1 87 5 is_stmt 1 view .LVU54
 191              	.LBB2:
  87:Core/Src/i2s.c **** 
 192              		.loc 1 87 5 view .LVU55
 193 0046 0025     		movs	r5, #0
 194 0048 0095     		str	r5, [sp]
  87:Core/Src/i2s.c **** 
 195              		.loc 1 87 5 view .LVU56
 196 004a 234B     		ldr	r3, .L15+4
 197 004c 5A6C     		ldr	r2, [r3, #68]
 198 004e 42F48052 		orr	r2, r2, #4096
ARM GAS  /tmp/ccGzfYVr.s 			page 7


 199 0052 5A64     		str	r2, [r3, #68]
  87:Core/Src/i2s.c **** 
 200              		.loc 1 87 5 view .LVU57
 201 0054 5A6C     		ldr	r2, [r3, #68]
 202 0056 02F48052 		and	r2, r2, #4096
 203 005a 0092     		str	r2, [sp]
  87:Core/Src/i2s.c **** 
 204              		.loc 1 87 5 view .LVU58
 205 005c 009A     		ldr	r2, [sp]
 206              	.LBE2:
  87:Core/Src/i2s.c **** 
 207              		.loc 1 87 5 view .LVU59
  89:Core/Src/i2s.c ****     /**I2S1 GPIO Configuration
 208              		.loc 1 89 5 view .LVU60
 209              	.LBB3:
  89:Core/Src/i2s.c ****     /**I2S1 GPIO Configuration
 210              		.loc 1 89 5 view .LVU61
 211 005e 0195     		str	r5, [sp, #4]
  89:Core/Src/i2s.c ****     /**I2S1 GPIO Configuration
 212              		.loc 1 89 5 view .LVU62
 213 0060 1A6B     		ldr	r2, [r3, #48]
 214 0062 42F00102 		orr	r2, r2, #1
 215 0066 1A63     		str	r2, [r3, #48]
  89:Core/Src/i2s.c ****     /**I2S1 GPIO Configuration
 216              		.loc 1 89 5 view .LVU63
 217 0068 1B6B     		ldr	r3, [r3, #48]
 218 006a 03F00103 		and	r3, r3, #1
 219 006e 0193     		str	r3, [sp, #4]
  89:Core/Src/i2s.c ****     /**I2S1 GPIO Configuration
 220              		.loc 1 89 5 view .LVU64
 221 0070 019B     		ldr	r3, [sp, #4]
 222              	.LBE3:
  89:Core/Src/i2s.c ****     /**I2S1 GPIO Configuration
 223              		.loc 1 89 5 view .LVU65
  95:Core/Src/i2s.c ****     GPIO_InitStruct.Mode = GPIO_MODE_AF_PP;
 224              		.loc 1 95 5 view .LVU66
  95:Core/Src/i2s.c ****     GPIO_InitStruct.Mode = GPIO_MODE_AF_PP;
 225              		.loc 1 95 25 is_stmt 0 view .LVU67
 226 0072 B023     		movs	r3, #176
 227 0074 1993     		str	r3, [sp, #100]
  96:Core/Src/i2s.c ****     GPIO_InitStruct.Pull = GPIO_NOPULL;
 228              		.loc 1 96 5 is_stmt 1 view .LVU68
  96:Core/Src/i2s.c ****     GPIO_InitStruct.Pull = GPIO_NOPULL;
 229              		.loc 1 96 26 is_stmt 0 view .LVU69
 230 0076 0223     		movs	r3, #2
 231 0078 1A93     		str	r3, [sp, #104]
  97:Core/Src/i2s.c ****     GPIO_InitStruct.Speed = GPIO_SPEED_FREQ_LOW;
 232              		.loc 1 97 5 is_stmt 1 view .LVU70
  97:Core/Src/i2s.c ****     GPIO_InitStruct.Speed = GPIO_SPEED_FREQ_LOW;
 233              		.loc 1 97 26 is_stmt 0 view .LVU71
 234 007a 1B95     		str	r5, [sp, #108]
  98:Core/Src/i2s.c ****     GPIO_InitStruct.Alternate = GPIO_AF5_SPI1;
 235              		.loc 1 98 5 is_stmt 1 view .LVU72
  98:Core/Src/i2s.c ****     GPIO_InitStruct.Alternate = GPIO_AF5_SPI1;
 236              		.loc 1 98 27 is_stmt 0 view .LVU73
 237 007c 1C95     		str	r5, [sp, #112]
  99:Core/Src/i2s.c ****     HAL_GPIO_Init(GPIOA, &GPIO_InitStruct);
ARM GAS  /tmp/ccGzfYVr.s 			page 8


 238              		.loc 1 99 5 is_stmt 1 view .LVU74
  99:Core/Src/i2s.c ****     HAL_GPIO_Init(GPIOA, &GPIO_InitStruct);
 239              		.loc 1 99 31 is_stmt 0 view .LVU75
 240 007e 0523     		movs	r3, #5
 241 0080 1D93     		str	r3, [sp, #116]
 100:Core/Src/i2s.c **** 
 242              		.loc 1 100 5 is_stmt 1 view .LVU76
 243 0082 19A9     		add	r1, sp, #100
 244 0084 1548     		ldr	r0, .L15+8
 245 0086 FFF7FEFF 		bl	HAL_GPIO_Init
 246              	.LVL7:
 104:Core/Src/i2s.c ****     hdma_spi1_rx.Init.Channel = DMA_CHANNEL_3;
 247              		.loc 1 104 5 view .LVU77
 104:Core/Src/i2s.c ****     hdma_spi1_rx.Init.Channel = DMA_CHANNEL_3;
 248              		.loc 1 104 27 is_stmt 0 view .LVU78
 249 008a 1548     		ldr	r0, .L15+12
 250 008c 154B     		ldr	r3, .L15+16
 251 008e 0360     		str	r3, [r0]
 105:Core/Src/i2s.c ****     hdma_spi1_rx.Init.Direction = DMA_PERIPH_TO_MEMORY;
 252              		.loc 1 105 5 is_stmt 1 view .LVU79
 105:Core/Src/i2s.c ****     hdma_spi1_rx.Init.Direction = DMA_PERIPH_TO_MEMORY;
 253              		.loc 1 105 31 is_stmt 0 view .LVU80
 254 0090 4FF0C063 		mov	r3, #100663296
 255 0094 4360     		str	r3, [r0, #4]
 106:Core/Src/i2s.c ****     hdma_spi1_rx.Init.PeriphInc = DMA_PINC_DISABLE;
 256              		.loc 1 106 5 is_stmt 1 view .LVU81
 106:Core/Src/i2s.c ****     hdma_spi1_rx.Init.PeriphInc = DMA_PINC_DISABLE;
 257              		.loc 1 106 33 is_stmt 0 view .LVU82
 258 0096 8560     		str	r5, [r0, #8]
 107:Core/Src/i2s.c ****     hdma_spi1_rx.Init.MemInc = DMA_MINC_ENABLE;
 259              		.loc 1 107 5 is_stmt 1 view .LVU83
 107:Core/Src/i2s.c ****     hdma_spi1_rx.Init.MemInc = DMA_MINC_ENABLE;
 260              		.loc 1 107 33 is_stmt 0 view .LVU84
 261 0098 C560     		str	r5, [r0, #12]
 108:Core/Src/i2s.c ****     hdma_spi1_rx.Init.PeriphDataAlignment = DMA_PDATAALIGN_WORD;
 262              		.loc 1 108 5 is_stmt 1 view .LVU85
 108:Core/Src/i2s.c ****     hdma_spi1_rx.Init.PeriphDataAlignment = DMA_PDATAALIGN_WORD;
 263              		.loc 1 108 30 is_stmt 0 view .LVU86
 264 009a 4FF48063 		mov	r3, #1024
 265 009e 0361     		str	r3, [r0, #16]
 109:Core/Src/i2s.c ****     hdma_spi1_rx.Init.MemDataAlignment = DMA_MDATAALIGN_WORD;
 266              		.loc 1 109 5 is_stmt 1 view .LVU87
 109:Core/Src/i2s.c ****     hdma_spi1_rx.Init.MemDataAlignment = DMA_MDATAALIGN_WORD;
 267              		.loc 1 109 43 is_stmt 0 view .LVU88
 268 00a0 4FF48053 		mov	r3, #4096
 269 00a4 4361     		str	r3, [r0, #20]
 110:Core/Src/i2s.c ****     hdma_spi1_rx.Init.Mode = DMA_CIRCULAR;
 270              		.loc 1 110 5 is_stmt 1 view .LVU89
 110:Core/Src/i2s.c ****     hdma_spi1_rx.Init.Mode = DMA_CIRCULAR;
 271              		.loc 1 110 40 is_stmt 0 view .LVU90
 272 00a6 4FF48043 		mov	r3, #16384
 273 00aa 8361     		str	r3, [r0, #24]
 111:Core/Src/i2s.c ****     hdma_spi1_rx.Init.Priority = DMA_PRIORITY_HIGH;
 274              		.loc 1 111 5 is_stmt 1 view .LVU91
 111:Core/Src/i2s.c ****     hdma_spi1_rx.Init.Priority = DMA_PRIORITY_HIGH;
 275              		.loc 1 111 28 is_stmt 0 view .LVU92
 276 00ac 4FF48073 		mov	r3, #256
ARM GAS  /tmp/ccGzfYVr.s 			page 9


 277 00b0 C361     		str	r3, [r0, #28]
 112:Core/Src/i2s.c ****     hdma_spi1_rx.Init.FIFOMode = DMA_FIFOMODE_DISABLE;
 278              		.loc 1 112 5 is_stmt 1 view .LVU93
 112:Core/Src/i2s.c ****     hdma_spi1_rx.Init.FIFOMode = DMA_FIFOMODE_DISABLE;
 279              		.loc 1 112 32 is_stmt 0 view .LVU94
 280 00b2 4FF40033 		mov	r3, #131072
 281 00b6 0362     		str	r3, [r0, #32]
 113:Core/Src/i2s.c ****     if (HAL_DMA_Init(&hdma_spi1_rx) != HAL_OK)
 282              		.loc 1 113 5 is_stmt 1 view .LVU95
 113:Core/Src/i2s.c ****     if (HAL_DMA_Init(&hdma_spi1_rx) != HAL_OK)
 283              		.loc 1 113 32 is_stmt 0 view .LVU96
 284 00b8 4562     		str	r5, [r0, #36]
 114:Core/Src/i2s.c ****     {
 285              		.loc 1 114 5 is_stmt 1 view .LVU97
 114:Core/Src/i2s.c ****     {
 286              		.loc 1 114 9 is_stmt 0 view .LVU98
 287 00ba FFF7FEFF 		bl	HAL_DMA_Init
 288              	.LVL8:
 114:Core/Src/i2s.c ****     {
 289              		.loc 1 114 8 view .LVU99
 290 00be 30B9     		cbnz	r0, .L14
 291              	.L10:
 119:Core/Src/i2s.c **** 
 292              		.loc 1 119 5 is_stmt 1 view .LVU100
 119:Core/Src/i2s.c **** 
 293              		.loc 1 119 5 view .LVU101
 294 00c0 074B     		ldr	r3, .L15+12
 295 00c2 E363     		str	r3, [r4, #60]
 119:Core/Src/i2s.c **** 
 296              		.loc 1 119 5 view .LVU102
 297 00c4 9C63     		str	r4, [r3, #56]
 119:Core/Src/i2s.c **** 
 298              		.loc 1 119 5 view .LVU103
 299              		.loc 1 125 1 is_stmt 0 view .LVU104
 300 00c6 ACE7     		b	.L7
 301              	.L13:
  83:Core/Src/i2s.c ****     }
 302              		.loc 1 83 7 is_stmt 1 view .LVU105
 303 00c8 FFF7FEFF 		bl	Error_Handler
 304              	.LVL9:
 305 00cc BBE7     		b	.L9
 306              	.L14:
 116:Core/Src/i2s.c ****     }
 307              		.loc 1 116 7 view .LVU106
 308 00ce FFF7FEFF 		bl	Error_Handler
 309              	.LVL10:
 310 00d2 F5E7     		b	.L10
 311              	.L16:
 312              		.align	2
 313              	.L15:
 314 00d4 00300140 		.word	1073819648
 315 00d8 00380240 		.word	1073887232
 316 00dc 00000240 		.word	1073872896
 317 00e0 00000000 		.word	.LANCHOR1
 318 00e4 10640240 		.word	1073898512
 319              		.cfi_endproc
 320              	.LFE135:
ARM GAS  /tmp/ccGzfYVr.s 			page 10


 322              		.section	.text.HAL_I2S_MspDeInit,"ax",%progbits
 323              		.align	1
 324              		.global	HAL_I2S_MspDeInit
 325              		.syntax unified
 326              		.thumb
 327              		.thumb_func
 328              		.fpu fpv4-sp-d16
 330              	HAL_I2S_MspDeInit:
 331              	.LVL11:
 332              	.LFB136:
 126:Core/Src/i2s.c **** 
 127:Core/Src/i2s.c **** void HAL_I2S_MspDeInit(I2S_HandleTypeDef* i2sHandle)
 128:Core/Src/i2s.c **** {
 333              		.loc 1 128 1 view -0
 334              		.cfi_startproc
 335              		@ args = 0, pretend = 0, frame = 0
 336              		@ frame_needed = 0, uses_anonymous_args = 0
 129:Core/Src/i2s.c **** 
 130:Core/Src/i2s.c ****   if(i2sHandle->Instance==SPI1)
 337              		.loc 1 130 3 view .LVU108
 338              		.loc 1 130 15 is_stmt 0 view .LVU109
 339 0000 0268     		ldr	r2, [r0]
 340              		.loc 1 130 5 view .LVU110
 341 0002 094B     		ldr	r3, .L24
 342 0004 9A42     		cmp	r2, r3
 343 0006 00D0     		beq	.L23
 344 0008 7047     		bx	lr
 345              	.L23:
 128:Core/Src/i2s.c **** 
 346              		.loc 1 128 1 view .LVU111
 347 000a 10B5     		push	{r4, lr}
 348              	.LCFI5:
 349              		.cfi_def_cfa_offset 8
 350              		.cfi_offset 4, -8
 351              		.cfi_offset 14, -4
 352 000c 0446     		mov	r4, r0
 131:Core/Src/i2s.c ****   {
 132:Core/Src/i2s.c ****   /* USER CODE BEGIN SPI1_MspDeInit 0 */
 133:Core/Src/i2s.c **** 
 134:Core/Src/i2s.c ****   /* USER CODE END SPI1_MspDeInit 0 */
 135:Core/Src/i2s.c ****     /* Peripheral clock disable */
 136:Core/Src/i2s.c ****     __HAL_RCC_SPI1_CLK_DISABLE();
 353              		.loc 1 136 5 is_stmt 1 view .LVU112
 354 000e 074A     		ldr	r2, .L24+4
 355 0010 536C     		ldr	r3, [r2, #68]
 356 0012 23F48053 		bic	r3, r3, #4096
 357 0016 5364     		str	r3, [r2, #68]
 137:Core/Src/i2s.c **** 
 138:Core/Src/i2s.c ****     /**I2S1 GPIO Configuration
 139:Core/Src/i2s.c ****     PA4     ------> I2S1_WS
 140:Core/Src/i2s.c ****     PA5     ------> I2S1_CK
 141:Core/Src/i2s.c ****     PA7     ------> I2S1_SD
 142:Core/Src/i2s.c ****     */
 143:Core/Src/i2s.c ****     HAL_GPIO_DeInit(GPIOA, GPIO_PIN_4|GPIO_PIN_5|GPIO_PIN_7);
 358              		.loc 1 143 5 view .LVU113
 359 0018 B021     		movs	r1, #176
 360 001a 0548     		ldr	r0, .L24+8
ARM GAS  /tmp/ccGzfYVr.s 			page 11


 361              	.LVL12:
 362              		.loc 1 143 5 is_stmt 0 view .LVU114
 363 001c FFF7FEFF 		bl	HAL_GPIO_DeInit
 364              	.LVL13:
 144:Core/Src/i2s.c **** 
 145:Core/Src/i2s.c ****     /* I2S1 DMA DeInit */
 146:Core/Src/i2s.c ****     HAL_DMA_DeInit(i2sHandle->hdmarx);
 365              		.loc 1 146 5 is_stmt 1 view .LVU115
 366 0020 E06B     		ldr	r0, [r4, #60]
 367 0022 FFF7FEFF 		bl	HAL_DMA_DeInit
 368              	.LVL14:
 147:Core/Src/i2s.c ****   /* USER CODE BEGIN SPI1_MspDeInit 1 */
 148:Core/Src/i2s.c **** 
 149:Core/Src/i2s.c ****   /* USER CODE END SPI1_MspDeInit 1 */
 150:Core/Src/i2s.c ****   }
 151:Core/Src/i2s.c **** }
 369              		.loc 1 151 1 is_stmt 0 view .LVU116
 370 0026 10BD     		pop	{r4, pc}
 371              	.LVL15:
 372              	.L25:
 373              		.loc 1 151 1 view .LVU117
 374              		.align	2
 375              	.L24:
 376 0028 00300140 		.word	1073819648
 377 002c 00380240 		.word	1073887232
 378 0030 00000240 		.word	1073872896
 379              		.cfi_endproc
 380              	.LFE136:
 382              		.global	hdma_spi1_rx
 383              		.global	hi2s1
 384              		.section	.bss.hdma_spi1_rx,"aw",%nobits
 385              		.align	2
 386              		.set	.LANCHOR1,. + 0
 389              	hdma_spi1_rx:
 390 0000 00000000 		.space	96
 390      00000000 
 390      00000000 
 390      00000000 
 390      00000000 
 391              		.section	.bss.hi2s1,"aw",%nobits
 392              		.align	2
 393              		.set	.LANCHOR0,. + 0
 396              	hi2s1:
 397 0000 00000000 		.space	72
 397      00000000 
 397      00000000 
 397      00000000 
 397      00000000 
 398              		.text
 399              	.Letext0:
 400              		.file 2 "/usr/lib/gcc/arm-none-eabi/10.3.1/include/stdint.h"
 401              		.file 3 "Drivers/CMSIS/Device/ST/STM32F4xx/Include/stm32f446xx.h"
 402              		.file 4 "Drivers/STM32F4xx_HAL_Driver/Inc/stm32f4xx_hal_def.h"
 403              		.file 5 "Drivers/STM32F4xx_HAL_Driver/Inc/stm32f4xx_hal_rcc_ex.h"
 404              		.file 6 "Drivers/STM32F4xx_HAL_Driver/Inc/stm32f4xx_hal_gpio.h"
 405              		.file 7 "Drivers/STM32F4xx_HAL_Driver/Inc/stm32f4xx_hal_dma.h"
 406              		.file 8 "Drivers/STM32F4xx_HAL_Driver/Inc/stm32f4xx_hal_i2s.h"
ARM GAS  /tmp/ccGzfYVr.s 			page 12


 407              		.file 9 "Core/Inc/i2s.h"
 408              		.file 10 "Core/Inc/main.h"
 409              		.file 11 "<built-in>"
ARM GAS  /tmp/ccGzfYVr.s 			page 13


DEFINED SYMBOLS
                            *ABS*:0000000000000000 i2s.c
     /tmp/ccGzfYVr.s:18     .text.MX_I2S1_Init:0000000000000000 $t
     /tmp/ccGzfYVr.s:26     .text.MX_I2S1_Init:0000000000000000 MX_I2S1_Init
     /tmp/ccGzfYVr.s:89     .text.MX_I2S1_Init:0000000000000034 $d
     /tmp/ccGzfYVr.s:95     .text.HAL_I2S_MspInit:0000000000000000 $t
     /tmp/ccGzfYVr.s:102    .text.HAL_I2S_MspInit:0000000000000000 HAL_I2S_MspInit
     /tmp/ccGzfYVr.s:314    .text.HAL_I2S_MspInit:00000000000000d4 $d
     /tmp/ccGzfYVr.s:323    .text.HAL_I2S_MspDeInit:0000000000000000 $t
     /tmp/ccGzfYVr.s:330    .text.HAL_I2S_MspDeInit:0000000000000000 HAL_I2S_MspDeInit
     /tmp/ccGzfYVr.s:376    .text.HAL_I2S_MspDeInit:0000000000000028 $d
     /tmp/ccGzfYVr.s:389    .bss.hdma_spi1_rx:0000000000000000 hdma_spi1_rx
     /tmp/ccGzfYVr.s:396    .bss.hi2s1:0000000000000000 hi2s1
     /tmp/ccGzfYVr.s:385    .bss.hdma_spi1_rx:0000000000000000 $d
     /tmp/ccGzfYVr.s:392    .bss.hi2s1:0000000000000000 $d

UNDEFINED SYMBOLS
HAL_I2S_Init
Error_Handler
memset
HAL_RCCEx_PeriphCLKConfig
HAL_GPIO_Init
HAL_DMA_Init
HAL_GPIO_DeInit
HAL_DMA_DeInit
