ARM GAS  /tmp/ccRIWn8d.s 			page 1


   1              		.cpu cortex-m4
   2              		.eabi_attribute 27, 1
   3              		.eabi_attribute 28, 1
   4              		.eabi_attribute 20, 1
   5              		.eabi_attribute 21, 1
   6              		.eabi_attribute 23, 3
   7              		.eabi_attribute 24, 1
   8              		.eabi_attribute 25, 1
   9              		.eabi_attribute 26, 1
  10              		.eabi_attribute 30, 1
  11              		.eabi_attribute 34, 1
  12              		.eabi_attribute 18, 4
  13              		.file	"usbd_desc.c"
  14              		.text
  15              	.Ltext0:
  16              		.cfi_sections	.debug_frame
  17              		.section	.text.USBD_FS_DeviceDescriptor,"ax",%progbits
  18              		.align	1
  19              		.global	USBD_FS_DeviceDescriptor
  20              		.arch armv7e-m
  21              		.syntax unified
  22              		.thumb
  23              		.thumb_func
  24              		.fpu fpv4-sp-d16
  26              	USBD_FS_DeviceDescriptor:
  27              	.LVL0:
  28              	.LFB138:
  29              		.file 1 "USB_DEVICE/App/usbd_desc.c"
   1:USB_DEVICE/App/usbd_desc.c **** /* USER CODE BEGIN Header */
   2:USB_DEVICE/App/usbd_desc.c **** /**
   3:USB_DEVICE/App/usbd_desc.c ****   ******************************************************************************
   4:USB_DEVICE/App/usbd_desc.c ****   * @file           : App/usbd_desc.c
   5:USB_DEVICE/App/usbd_desc.c ****   * @version        : v1.0_Cube
   6:USB_DEVICE/App/usbd_desc.c ****   * @brief          : This file implements the USB device descriptors.
   7:USB_DEVICE/App/usbd_desc.c ****   ******************************************************************************
   8:USB_DEVICE/App/usbd_desc.c ****   * @attention
   9:USB_DEVICE/App/usbd_desc.c ****   *
  10:USB_DEVICE/App/usbd_desc.c ****   * Copyright (c) 2025 STMicroelectronics.
  11:USB_DEVICE/App/usbd_desc.c ****   * All rights reserved.
  12:USB_DEVICE/App/usbd_desc.c ****   *
  13:USB_DEVICE/App/usbd_desc.c ****   * This software is licensed under terms that can be found in the LICENSE file
  14:USB_DEVICE/App/usbd_desc.c ****   * in the root directory of this software component.
  15:USB_DEVICE/App/usbd_desc.c ****   * If no LICENSE file comes with this software, it is provided AS-IS.
  16:USB_DEVICE/App/usbd_desc.c ****   *
  17:USB_DEVICE/App/usbd_desc.c ****   ******************************************************************************
  18:USB_DEVICE/App/usbd_desc.c ****   */
  19:USB_DEVICE/App/usbd_desc.c **** /* USER CODE END Header */
  20:USB_DEVICE/App/usbd_desc.c **** 
  21:USB_DEVICE/App/usbd_desc.c **** /* Includes ------------------------------------------------------------------*/
  22:USB_DEVICE/App/usbd_desc.c **** #include "usbd_core.h"
  23:USB_DEVICE/App/usbd_desc.c **** #include "usbd_desc.h"
  24:USB_DEVICE/App/usbd_desc.c **** #include "usbd_conf.h"
  25:USB_DEVICE/App/usbd_desc.c **** 
  26:USB_DEVICE/App/usbd_desc.c **** /* USER CODE BEGIN INCLUDE */
  27:USB_DEVICE/App/usbd_desc.c **** 
  28:USB_DEVICE/App/usbd_desc.c **** /* USER CODE END INCLUDE */
  29:USB_DEVICE/App/usbd_desc.c **** 
ARM GAS  /tmp/ccRIWn8d.s 			page 2


  30:USB_DEVICE/App/usbd_desc.c **** /* Private typedef -----------------------------------------------------------*/
  31:USB_DEVICE/App/usbd_desc.c **** /* Private define ------------------------------------------------------------*/
  32:USB_DEVICE/App/usbd_desc.c **** /* Private macro -------------------------------------------------------------*/
  33:USB_DEVICE/App/usbd_desc.c **** 
  34:USB_DEVICE/App/usbd_desc.c **** /* USER CODE BEGIN PV */
  35:USB_DEVICE/App/usbd_desc.c **** /* Private variables ---------------------------------------------------------*/
  36:USB_DEVICE/App/usbd_desc.c **** 
  37:USB_DEVICE/App/usbd_desc.c **** /* USER CODE END PV */
  38:USB_DEVICE/App/usbd_desc.c **** 
  39:USB_DEVICE/App/usbd_desc.c **** /** @addtogroup STM32_USB_OTG_DEVICE_LIBRARY
  40:USB_DEVICE/App/usbd_desc.c ****   * @{
  41:USB_DEVICE/App/usbd_desc.c ****   */
  42:USB_DEVICE/App/usbd_desc.c **** 
  43:USB_DEVICE/App/usbd_desc.c **** /** @addtogroup USBD_DESC
  44:USB_DEVICE/App/usbd_desc.c ****   * @{
  45:USB_DEVICE/App/usbd_desc.c ****   */
  46:USB_DEVICE/App/usbd_desc.c **** 
  47:USB_DEVICE/App/usbd_desc.c **** /** @defgroup USBD_DESC_Private_TypesDefinitions USBD_DESC_Private_TypesDefinitions
  48:USB_DEVICE/App/usbd_desc.c ****   * @brief Private types.
  49:USB_DEVICE/App/usbd_desc.c ****   * @{
  50:USB_DEVICE/App/usbd_desc.c ****   */
  51:USB_DEVICE/App/usbd_desc.c **** 
  52:USB_DEVICE/App/usbd_desc.c **** /* USER CODE BEGIN PRIVATE_TYPES */
  53:USB_DEVICE/App/usbd_desc.c **** 
  54:USB_DEVICE/App/usbd_desc.c **** /* USER CODE END PRIVATE_TYPES */
  55:USB_DEVICE/App/usbd_desc.c **** 
  56:USB_DEVICE/App/usbd_desc.c **** /**
  57:USB_DEVICE/App/usbd_desc.c ****   * @}
  58:USB_DEVICE/App/usbd_desc.c ****   */
  59:USB_DEVICE/App/usbd_desc.c **** 
  60:USB_DEVICE/App/usbd_desc.c **** /** @defgroup USBD_DESC_Private_Defines USBD_DESC_Private_Defines
  61:USB_DEVICE/App/usbd_desc.c ****   * @brief Private defines.
  62:USB_DEVICE/App/usbd_desc.c ****   * @{
  63:USB_DEVICE/App/usbd_desc.c ****   */
  64:USB_DEVICE/App/usbd_desc.c **** 
  65:USB_DEVICE/App/usbd_desc.c **** #define USBD_VID     1155
  66:USB_DEVICE/App/usbd_desc.c **** #define USBD_LANGID_STRING     1033
  67:USB_DEVICE/App/usbd_desc.c **** #define USBD_MANUFACTURER_STRING     "STMicroelectronics"
  68:USB_DEVICE/App/usbd_desc.c **** #define USBD_PID_FS     22336
  69:USB_DEVICE/App/usbd_desc.c **** #define USBD_PRODUCT_STRING_FS     "STM32 Virtual ComPort"
  70:USB_DEVICE/App/usbd_desc.c **** #define USBD_CONFIGURATION_STRING_FS     "CDC Config"
  71:USB_DEVICE/App/usbd_desc.c **** #define USBD_INTERFACE_STRING_FS     "CDC Interface"
  72:USB_DEVICE/App/usbd_desc.c **** 
  73:USB_DEVICE/App/usbd_desc.c **** #define USB_SIZ_BOS_DESC            0x0C
  74:USB_DEVICE/App/usbd_desc.c **** 
  75:USB_DEVICE/App/usbd_desc.c **** /* USER CODE BEGIN PRIVATE_DEFINES */
  76:USB_DEVICE/App/usbd_desc.c **** 
  77:USB_DEVICE/App/usbd_desc.c **** /* USER CODE END PRIVATE_DEFINES */
  78:USB_DEVICE/App/usbd_desc.c **** 
  79:USB_DEVICE/App/usbd_desc.c **** /**
  80:USB_DEVICE/App/usbd_desc.c ****   * @}
  81:USB_DEVICE/App/usbd_desc.c ****   */
  82:USB_DEVICE/App/usbd_desc.c **** 
  83:USB_DEVICE/App/usbd_desc.c **** /* USER CODE BEGIN 0 */
  84:USB_DEVICE/App/usbd_desc.c **** 
  85:USB_DEVICE/App/usbd_desc.c **** /* USER CODE END 0 */
  86:USB_DEVICE/App/usbd_desc.c **** 
ARM GAS  /tmp/ccRIWn8d.s 			page 3


  87:USB_DEVICE/App/usbd_desc.c **** /** @defgroup USBD_DESC_Private_Macros USBD_DESC_Private_Macros
  88:USB_DEVICE/App/usbd_desc.c ****   * @brief Private macros.
  89:USB_DEVICE/App/usbd_desc.c ****   * @{
  90:USB_DEVICE/App/usbd_desc.c ****   */
  91:USB_DEVICE/App/usbd_desc.c **** 
  92:USB_DEVICE/App/usbd_desc.c **** /* USER CODE BEGIN PRIVATE_MACRO */
  93:USB_DEVICE/App/usbd_desc.c **** 
  94:USB_DEVICE/App/usbd_desc.c **** /* USER CODE END PRIVATE_MACRO */
  95:USB_DEVICE/App/usbd_desc.c **** 
  96:USB_DEVICE/App/usbd_desc.c **** /**
  97:USB_DEVICE/App/usbd_desc.c ****   * @}
  98:USB_DEVICE/App/usbd_desc.c ****   */
  99:USB_DEVICE/App/usbd_desc.c **** 
 100:USB_DEVICE/App/usbd_desc.c **** /** @defgroup USBD_DESC_Private_FunctionPrototypes USBD_DESC_Private_FunctionPrototypes
 101:USB_DEVICE/App/usbd_desc.c ****   * @brief Private functions declaration.
 102:USB_DEVICE/App/usbd_desc.c ****   * @{
 103:USB_DEVICE/App/usbd_desc.c ****   */
 104:USB_DEVICE/App/usbd_desc.c **** 
 105:USB_DEVICE/App/usbd_desc.c **** static void Get_SerialNum(void);
 106:USB_DEVICE/App/usbd_desc.c **** static void IntToUnicode(uint32_t value, uint8_t * pbuf, uint8_t len);
 107:USB_DEVICE/App/usbd_desc.c **** 
 108:USB_DEVICE/App/usbd_desc.c **** /**
 109:USB_DEVICE/App/usbd_desc.c ****   * @}
 110:USB_DEVICE/App/usbd_desc.c ****   */
 111:USB_DEVICE/App/usbd_desc.c **** 
 112:USB_DEVICE/App/usbd_desc.c **** /** @defgroup USBD_DESC_Private_FunctionPrototypes USBD_DESC_Private_FunctionPrototypes
 113:USB_DEVICE/App/usbd_desc.c ****   * @brief Private functions declaration for FS.
 114:USB_DEVICE/App/usbd_desc.c ****   * @{
 115:USB_DEVICE/App/usbd_desc.c ****   */
 116:USB_DEVICE/App/usbd_desc.c **** 
 117:USB_DEVICE/App/usbd_desc.c **** uint8_t * USBD_FS_DeviceDescriptor(USBD_SpeedTypeDef speed, uint16_t *length);
 118:USB_DEVICE/App/usbd_desc.c **** uint8_t * USBD_FS_LangIDStrDescriptor(USBD_SpeedTypeDef speed, uint16_t *length);
 119:USB_DEVICE/App/usbd_desc.c **** uint8_t * USBD_FS_ManufacturerStrDescriptor(USBD_SpeedTypeDef speed, uint16_t *length);
 120:USB_DEVICE/App/usbd_desc.c **** uint8_t * USBD_FS_ProductStrDescriptor(USBD_SpeedTypeDef speed, uint16_t *length);
 121:USB_DEVICE/App/usbd_desc.c **** uint8_t * USBD_FS_SerialStrDescriptor(USBD_SpeedTypeDef speed, uint16_t *length);
 122:USB_DEVICE/App/usbd_desc.c **** uint8_t * USBD_FS_ConfigStrDescriptor(USBD_SpeedTypeDef speed, uint16_t *length);
 123:USB_DEVICE/App/usbd_desc.c **** uint8_t * USBD_FS_InterfaceStrDescriptor(USBD_SpeedTypeDef speed, uint16_t *length);
 124:USB_DEVICE/App/usbd_desc.c **** #if (USBD_LPM_ENABLED == 1)
 125:USB_DEVICE/App/usbd_desc.c **** uint8_t * USBD_FS_USR_BOSDescriptor(USBD_SpeedTypeDef speed, uint16_t *length);
 126:USB_DEVICE/App/usbd_desc.c **** #endif /* (USBD_LPM_ENABLED == 1) */
 127:USB_DEVICE/App/usbd_desc.c **** 
 128:USB_DEVICE/App/usbd_desc.c **** /**
 129:USB_DEVICE/App/usbd_desc.c ****   * @}
 130:USB_DEVICE/App/usbd_desc.c ****   */
 131:USB_DEVICE/App/usbd_desc.c **** 
 132:USB_DEVICE/App/usbd_desc.c **** /** @defgroup USBD_DESC_Private_Variables USBD_DESC_Private_Variables
 133:USB_DEVICE/App/usbd_desc.c ****   * @brief Private variables.
 134:USB_DEVICE/App/usbd_desc.c ****   * @{
 135:USB_DEVICE/App/usbd_desc.c ****   */
 136:USB_DEVICE/App/usbd_desc.c **** 
 137:USB_DEVICE/App/usbd_desc.c **** USBD_DescriptorsTypeDef FS_Desc =
 138:USB_DEVICE/App/usbd_desc.c **** {
 139:USB_DEVICE/App/usbd_desc.c ****   USBD_FS_DeviceDescriptor
 140:USB_DEVICE/App/usbd_desc.c **** , USBD_FS_LangIDStrDescriptor
 141:USB_DEVICE/App/usbd_desc.c **** , USBD_FS_ManufacturerStrDescriptor
 142:USB_DEVICE/App/usbd_desc.c **** , USBD_FS_ProductStrDescriptor
 143:USB_DEVICE/App/usbd_desc.c **** , USBD_FS_SerialStrDescriptor
ARM GAS  /tmp/ccRIWn8d.s 			page 4


 144:USB_DEVICE/App/usbd_desc.c **** , USBD_FS_ConfigStrDescriptor
 145:USB_DEVICE/App/usbd_desc.c **** , USBD_FS_InterfaceStrDescriptor
 146:USB_DEVICE/App/usbd_desc.c **** #if (USBD_LPM_ENABLED == 1)
 147:USB_DEVICE/App/usbd_desc.c **** , USBD_FS_USR_BOSDescriptor
 148:USB_DEVICE/App/usbd_desc.c **** #endif /* (USBD_LPM_ENABLED == 1) */
 149:USB_DEVICE/App/usbd_desc.c **** };
 150:USB_DEVICE/App/usbd_desc.c **** 
 151:USB_DEVICE/App/usbd_desc.c **** #if defined ( __ICCARM__ ) /* IAR Compiler */
 152:USB_DEVICE/App/usbd_desc.c ****   #pragma data_alignment=4
 153:USB_DEVICE/App/usbd_desc.c **** #endif /* defined ( __ICCARM__ ) */
 154:USB_DEVICE/App/usbd_desc.c **** /** USB standard device descriptor. */
 155:USB_DEVICE/App/usbd_desc.c **** __ALIGN_BEGIN uint8_t USBD_FS_DeviceDesc[USB_LEN_DEV_DESC] __ALIGN_END =
 156:USB_DEVICE/App/usbd_desc.c **** {
 157:USB_DEVICE/App/usbd_desc.c ****   0x12,                       /*bLength */
 158:USB_DEVICE/App/usbd_desc.c ****   USB_DESC_TYPE_DEVICE,       /*bDescriptorType*/
 159:USB_DEVICE/App/usbd_desc.c **** #if (USBD_LPM_ENABLED == 1)
 160:USB_DEVICE/App/usbd_desc.c ****   0x01,                       /*bcdUSB */ /* changed to USB version 2.01
 161:USB_DEVICE/App/usbd_desc.c ****                                              in order to support LPM L1 suspend
 162:USB_DEVICE/App/usbd_desc.c ****                                              resume test of USBCV3.0*/
 163:USB_DEVICE/App/usbd_desc.c **** #else
 164:USB_DEVICE/App/usbd_desc.c ****   0x00,                       /*bcdUSB */
 165:USB_DEVICE/App/usbd_desc.c **** #endif /* (USBD_LPM_ENABLED == 1) */
 166:USB_DEVICE/App/usbd_desc.c ****   0x02,
 167:USB_DEVICE/App/usbd_desc.c ****   0x02,                       /*bDeviceClass*/
 168:USB_DEVICE/App/usbd_desc.c ****   0x02,                       /*bDeviceSubClass*/
 169:USB_DEVICE/App/usbd_desc.c ****   0x00,                       /*bDeviceProtocol*/
 170:USB_DEVICE/App/usbd_desc.c ****   USB_MAX_EP0_SIZE,           /*bMaxPacketSize*/
 171:USB_DEVICE/App/usbd_desc.c ****   LOBYTE(USBD_VID),           /*idVendor*/
 172:USB_DEVICE/App/usbd_desc.c ****   HIBYTE(USBD_VID),           /*idVendor*/
 173:USB_DEVICE/App/usbd_desc.c ****   LOBYTE(USBD_PID_FS),        /*idProduct*/
 174:USB_DEVICE/App/usbd_desc.c ****   HIBYTE(USBD_PID_FS),        /*idProduct*/
 175:USB_DEVICE/App/usbd_desc.c ****   0x00,                       /*bcdDevice rel. 2.00*/
 176:USB_DEVICE/App/usbd_desc.c ****   0x02,
 177:USB_DEVICE/App/usbd_desc.c ****   USBD_IDX_MFC_STR,           /*Index of manufacturer  string*/
 178:USB_DEVICE/App/usbd_desc.c ****   USBD_IDX_PRODUCT_STR,       /*Index of product string*/
 179:USB_DEVICE/App/usbd_desc.c ****   USBD_IDX_SERIAL_STR,        /*Index of serial number string*/
 180:USB_DEVICE/App/usbd_desc.c ****   USBD_MAX_NUM_CONFIGURATION  /*bNumConfigurations*/
 181:USB_DEVICE/App/usbd_desc.c **** };
 182:USB_DEVICE/App/usbd_desc.c **** 
 183:USB_DEVICE/App/usbd_desc.c **** /* USB_DeviceDescriptor */
 184:USB_DEVICE/App/usbd_desc.c **** /** BOS descriptor. */
 185:USB_DEVICE/App/usbd_desc.c **** #if (USBD_LPM_ENABLED == 1)
 186:USB_DEVICE/App/usbd_desc.c **** #if defined ( __ICCARM__ ) /* IAR Compiler */
 187:USB_DEVICE/App/usbd_desc.c ****   #pragma data_alignment=4
 188:USB_DEVICE/App/usbd_desc.c **** #endif /* defined ( __ICCARM__ ) */
 189:USB_DEVICE/App/usbd_desc.c **** __ALIGN_BEGIN uint8_t USBD_FS_BOSDesc[USB_SIZ_BOS_DESC] __ALIGN_END =
 190:USB_DEVICE/App/usbd_desc.c **** {
 191:USB_DEVICE/App/usbd_desc.c ****   0x5,
 192:USB_DEVICE/App/usbd_desc.c ****   USB_DESC_TYPE_BOS,
 193:USB_DEVICE/App/usbd_desc.c ****   0xC,
 194:USB_DEVICE/App/usbd_desc.c ****   0x0,
 195:USB_DEVICE/App/usbd_desc.c ****   0x1,  /* 1 device capability*/
 196:USB_DEVICE/App/usbd_desc.c ****         /* device capability*/
 197:USB_DEVICE/App/usbd_desc.c ****   0x7,
 198:USB_DEVICE/App/usbd_desc.c ****   USB_DEVICE_CAPABITY_TYPE,
 199:USB_DEVICE/App/usbd_desc.c ****   0x2,
 200:USB_DEVICE/App/usbd_desc.c ****   0x2,  /* LPM capability bit set*/
ARM GAS  /tmp/ccRIWn8d.s 			page 5


 201:USB_DEVICE/App/usbd_desc.c ****   0x0,
 202:USB_DEVICE/App/usbd_desc.c ****   0x0,
 203:USB_DEVICE/App/usbd_desc.c ****   0x0
 204:USB_DEVICE/App/usbd_desc.c **** };
 205:USB_DEVICE/App/usbd_desc.c **** #endif /* (USBD_LPM_ENABLED == 1) */
 206:USB_DEVICE/App/usbd_desc.c **** 
 207:USB_DEVICE/App/usbd_desc.c **** /**
 208:USB_DEVICE/App/usbd_desc.c ****   * @}
 209:USB_DEVICE/App/usbd_desc.c ****   */
 210:USB_DEVICE/App/usbd_desc.c **** 
 211:USB_DEVICE/App/usbd_desc.c **** /** @defgroup USBD_DESC_Private_Variables USBD_DESC_Private_Variables
 212:USB_DEVICE/App/usbd_desc.c ****   * @brief Private variables.
 213:USB_DEVICE/App/usbd_desc.c ****   * @{
 214:USB_DEVICE/App/usbd_desc.c ****   */
 215:USB_DEVICE/App/usbd_desc.c **** 
 216:USB_DEVICE/App/usbd_desc.c **** #if defined ( __ICCARM__ ) /* IAR Compiler */
 217:USB_DEVICE/App/usbd_desc.c ****   #pragma data_alignment=4
 218:USB_DEVICE/App/usbd_desc.c **** #endif /* defined ( __ICCARM__ ) */
 219:USB_DEVICE/App/usbd_desc.c **** 
 220:USB_DEVICE/App/usbd_desc.c **** /** USB lang identifier descriptor. */
 221:USB_DEVICE/App/usbd_desc.c **** __ALIGN_BEGIN uint8_t USBD_LangIDDesc[USB_LEN_LANGID_STR_DESC] __ALIGN_END =
 222:USB_DEVICE/App/usbd_desc.c **** {
 223:USB_DEVICE/App/usbd_desc.c ****      USB_LEN_LANGID_STR_DESC,
 224:USB_DEVICE/App/usbd_desc.c ****      USB_DESC_TYPE_STRING,
 225:USB_DEVICE/App/usbd_desc.c ****      LOBYTE(USBD_LANGID_STRING),
 226:USB_DEVICE/App/usbd_desc.c ****      HIBYTE(USBD_LANGID_STRING)
 227:USB_DEVICE/App/usbd_desc.c **** };
 228:USB_DEVICE/App/usbd_desc.c **** 
 229:USB_DEVICE/App/usbd_desc.c **** #if defined ( __ICCARM__ ) /* IAR Compiler */
 230:USB_DEVICE/App/usbd_desc.c ****   #pragma data_alignment=4
 231:USB_DEVICE/App/usbd_desc.c **** #endif /* defined ( __ICCARM__ ) */
 232:USB_DEVICE/App/usbd_desc.c **** /* Internal string descriptor. */
 233:USB_DEVICE/App/usbd_desc.c **** __ALIGN_BEGIN uint8_t USBD_StrDesc[USBD_MAX_STR_DESC_SIZ] __ALIGN_END;
 234:USB_DEVICE/App/usbd_desc.c **** 
 235:USB_DEVICE/App/usbd_desc.c **** #if defined ( __ICCARM__ ) /*!< IAR Compiler */
 236:USB_DEVICE/App/usbd_desc.c ****   #pragma data_alignment=4
 237:USB_DEVICE/App/usbd_desc.c **** #endif
 238:USB_DEVICE/App/usbd_desc.c **** __ALIGN_BEGIN uint8_t USBD_StringSerial[USB_SIZ_STRING_SERIAL] __ALIGN_END = {
 239:USB_DEVICE/App/usbd_desc.c ****   USB_SIZ_STRING_SERIAL,
 240:USB_DEVICE/App/usbd_desc.c ****   USB_DESC_TYPE_STRING,
 241:USB_DEVICE/App/usbd_desc.c **** };
 242:USB_DEVICE/App/usbd_desc.c **** 
 243:USB_DEVICE/App/usbd_desc.c **** /**
 244:USB_DEVICE/App/usbd_desc.c ****   * @}
 245:USB_DEVICE/App/usbd_desc.c ****   */
 246:USB_DEVICE/App/usbd_desc.c **** 
 247:USB_DEVICE/App/usbd_desc.c **** /** @defgroup USBD_DESC_Private_Functions USBD_DESC_Private_Functions
 248:USB_DEVICE/App/usbd_desc.c ****   * @brief Private functions.
 249:USB_DEVICE/App/usbd_desc.c ****   * @{
 250:USB_DEVICE/App/usbd_desc.c ****   */
 251:USB_DEVICE/App/usbd_desc.c **** 
 252:USB_DEVICE/App/usbd_desc.c **** /**
 253:USB_DEVICE/App/usbd_desc.c ****   * @brief  Return the device descriptor
 254:USB_DEVICE/App/usbd_desc.c ****   * @param  speed : Current device speed
 255:USB_DEVICE/App/usbd_desc.c ****   * @param  length : Pointer to data length variable
 256:USB_DEVICE/App/usbd_desc.c ****   * @retval Pointer to descriptor buffer
 257:USB_DEVICE/App/usbd_desc.c ****   */
ARM GAS  /tmp/ccRIWn8d.s 			page 6


 258:USB_DEVICE/App/usbd_desc.c **** uint8_t * USBD_FS_DeviceDescriptor(USBD_SpeedTypeDef speed, uint16_t *length)
 259:USB_DEVICE/App/usbd_desc.c **** {
  30              		.loc 1 259 1 view -0
  31              		.cfi_startproc
  32              		@ args = 0, pretend = 0, frame = 0
  33              		@ frame_needed = 0, uses_anonymous_args = 0
  34              		@ link register save eliminated.
 260:USB_DEVICE/App/usbd_desc.c ****   UNUSED(speed);
  35              		.loc 1 260 3 view .LVU1
 261:USB_DEVICE/App/usbd_desc.c ****   *length = sizeof(USBD_FS_DeviceDesc);
  36              		.loc 1 261 3 view .LVU2
  37              		.loc 1 261 11 is_stmt 0 view .LVU3
  38 0000 1223     		movs	r3, #18
  39 0002 0B80     		strh	r3, [r1]	@ movhi
 262:USB_DEVICE/App/usbd_desc.c ****   return USBD_FS_DeviceDesc;
  40              		.loc 1 262 3 is_stmt 1 view .LVU4
 263:USB_DEVICE/App/usbd_desc.c **** }
  41              		.loc 1 263 1 is_stmt 0 view .LVU5
  42 0004 0048     		ldr	r0, .L2
  43              	.LVL1:
  44              		.loc 1 263 1 view .LVU6
  45 0006 7047     		bx	lr
  46              	.L3:
  47              		.align	2
  48              	.L2:
  49 0008 00000000 		.word	.LANCHOR0
  50              		.cfi_endproc
  51              	.LFE138:
  53              		.section	.text.USBD_FS_LangIDStrDescriptor,"ax",%progbits
  54              		.align	1
  55              		.global	USBD_FS_LangIDStrDescriptor
  56              		.syntax unified
  57              		.thumb
  58              		.thumb_func
  59              		.fpu fpv4-sp-d16
  61              	USBD_FS_LangIDStrDescriptor:
  62              	.LVL2:
  63              	.LFB139:
 264:USB_DEVICE/App/usbd_desc.c **** 
 265:USB_DEVICE/App/usbd_desc.c **** /**
 266:USB_DEVICE/App/usbd_desc.c ****   * @brief  Return the LangID string descriptor
 267:USB_DEVICE/App/usbd_desc.c ****   * @param  speed : Current device speed
 268:USB_DEVICE/App/usbd_desc.c ****   * @param  length : Pointer to data length variable
 269:USB_DEVICE/App/usbd_desc.c ****   * @retval Pointer to descriptor buffer
 270:USB_DEVICE/App/usbd_desc.c ****   */
 271:USB_DEVICE/App/usbd_desc.c **** uint8_t * USBD_FS_LangIDStrDescriptor(USBD_SpeedTypeDef speed, uint16_t *length)
 272:USB_DEVICE/App/usbd_desc.c **** {
  64              		.loc 1 272 1 is_stmt 1 view -0
  65              		.cfi_startproc
  66              		@ args = 0, pretend = 0, frame = 0
  67              		@ frame_needed = 0, uses_anonymous_args = 0
  68              		@ link register save eliminated.
 273:USB_DEVICE/App/usbd_desc.c ****   UNUSED(speed);
  69              		.loc 1 273 3 view .LVU8
 274:USB_DEVICE/App/usbd_desc.c ****   *length = sizeof(USBD_LangIDDesc);
  70              		.loc 1 274 3 view .LVU9
  71              		.loc 1 274 11 is_stmt 0 view .LVU10
ARM GAS  /tmp/ccRIWn8d.s 			page 7


  72 0000 0423     		movs	r3, #4
  73 0002 0B80     		strh	r3, [r1]	@ movhi
 275:USB_DEVICE/App/usbd_desc.c ****   return USBD_LangIDDesc;
  74              		.loc 1 275 3 is_stmt 1 view .LVU11
 276:USB_DEVICE/App/usbd_desc.c **** }
  75              		.loc 1 276 1 is_stmt 0 view .LVU12
  76 0004 0048     		ldr	r0, .L5
  77              	.LVL3:
  78              		.loc 1 276 1 view .LVU13
  79 0006 7047     		bx	lr
  80              	.L6:
  81              		.align	2
  82              	.L5:
  83 0008 00000000 		.word	.LANCHOR1
  84              		.cfi_endproc
  85              	.LFE139:
  87              		.section	.text.USBD_FS_USR_BOSDescriptor,"ax",%progbits
  88              		.align	1
  89              		.global	USBD_FS_USR_BOSDescriptor
  90              		.syntax unified
  91              		.thumb
  92              		.thumb_func
  93              		.fpu fpv4-sp-d16
  95              	USBD_FS_USR_BOSDescriptor:
  96              	.LVL4:
  97              	.LFB145:
 277:USB_DEVICE/App/usbd_desc.c **** 
 278:USB_DEVICE/App/usbd_desc.c **** /**
 279:USB_DEVICE/App/usbd_desc.c ****   * @brief  Return the product string descriptor
 280:USB_DEVICE/App/usbd_desc.c ****   * @param  speed : Current device speed
 281:USB_DEVICE/App/usbd_desc.c ****   * @param  length : Pointer to data length variable
 282:USB_DEVICE/App/usbd_desc.c ****   * @retval Pointer to descriptor buffer
 283:USB_DEVICE/App/usbd_desc.c ****   */
 284:USB_DEVICE/App/usbd_desc.c **** uint8_t * USBD_FS_ProductStrDescriptor(USBD_SpeedTypeDef speed, uint16_t *length)
 285:USB_DEVICE/App/usbd_desc.c **** {
 286:USB_DEVICE/App/usbd_desc.c ****   if(speed == 0)
 287:USB_DEVICE/App/usbd_desc.c ****   {
 288:USB_DEVICE/App/usbd_desc.c ****     USBD_GetString((uint8_t *)USBD_PRODUCT_STRING_FS, USBD_StrDesc, length);
 289:USB_DEVICE/App/usbd_desc.c ****   }
 290:USB_DEVICE/App/usbd_desc.c ****   else
 291:USB_DEVICE/App/usbd_desc.c ****   {
 292:USB_DEVICE/App/usbd_desc.c ****     USBD_GetString((uint8_t *)USBD_PRODUCT_STRING_FS, USBD_StrDesc, length);
 293:USB_DEVICE/App/usbd_desc.c ****   }
 294:USB_DEVICE/App/usbd_desc.c ****   return USBD_StrDesc;
 295:USB_DEVICE/App/usbd_desc.c **** }
 296:USB_DEVICE/App/usbd_desc.c **** 
 297:USB_DEVICE/App/usbd_desc.c **** /**
 298:USB_DEVICE/App/usbd_desc.c ****   * @brief  Return the manufacturer string descriptor
 299:USB_DEVICE/App/usbd_desc.c ****   * @param  speed : Current device speed
 300:USB_DEVICE/App/usbd_desc.c ****   * @param  length : Pointer to data length variable
 301:USB_DEVICE/App/usbd_desc.c ****   * @retval Pointer to descriptor buffer
 302:USB_DEVICE/App/usbd_desc.c ****   */
 303:USB_DEVICE/App/usbd_desc.c **** uint8_t * USBD_FS_ManufacturerStrDescriptor(USBD_SpeedTypeDef speed, uint16_t *length)
 304:USB_DEVICE/App/usbd_desc.c **** {
 305:USB_DEVICE/App/usbd_desc.c ****   UNUSED(speed);
 306:USB_DEVICE/App/usbd_desc.c ****   USBD_GetString((uint8_t *)USBD_MANUFACTURER_STRING, USBD_StrDesc, length);
 307:USB_DEVICE/App/usbd_desc.c ****   return USBD_StrDesc;
ARM GAS  /tmp/ccRIWn8d.s 			page 8


 308:USB_DEVICE/App/usbd_desc.c **** }
 309:USB_DEVICE/App/usbd_desc.c **** 
 310:USB_DEVICE/App/usbd_desc.c **** /**
 311:USB_DEVICE/App/usbd_desc.c ****   * @brief  Return the serial number string descriptor
 312:USB_DEVICE/App/usbd_desc.c ****   * @param  speed : Current device speed
 313:USB_DEVICE/App/usbd_desc.c ****   * @param  length : Pointer to data length variable
 314:USB_DEVICE/App/usbd_desc.c ****   * @retval Pointer to descriptor buffer
 315:USB_DEVICE/App/usbd_desc.c ****   */
 316:USB_DEVICE/App/usbd_desc.c **** uint8_t * USBD_FS_SerialStrDescriptor(USBD_SpeedTypeDef speed, uint16_t *length)
 317:USB_DEVICE/App/usbd_desc.c **** {
 318:USB_DEVICE/App/usbd_desc.c ****   UNUSED(speed);
 319:USB_DEVICE/App/usbd_desc.c ****   *length = USB_SIZ_STRING_SERIAL;
 320:USB_DEVICE/App/usbd_desc.c **** 
 321:USB_DEVICE/App/usbd_desc.c ****   /* Update the serial number string descriptor with the data from the unique
 322:USB_DEVICE/App/usbd_desc.c ****    * ID */
 323:USB_DEVICE/App/usbd_desc.c ****   Get_SerialNum();
 324:USB_DEVICE/App/usbd_desc.c ****   /* USER CODE BEGIN USBD_FS_SerialStrDescriptor */
 325:USB_DEVICE/App/usbd_desc.c **** 
 326:USB_DEVICE/App/usbd_desc.c ****   /* USER CODE END USBD_FS_SerialStrDescriptor */
 327:USB_DEVICE/App/usbd_desc.c ****   return (uint8_t *) USBD_StringSerial;
 328:USB_DEVICE/App/usbd_desc.c **** }
 329:USB_DEVICE/App/usbd_desc.c **** 
 330:USB_DEVICE/App/usbd_desc.c **** /**
 331:USB_DEVICE/App/usbd_desc.c ****   * @brief  Return the configuration string descriptor
 332:USB_DEVICE/App/usbd_desc.c ****   * @param  speed : Current device speed
 333:USB_DEVICE/App/usbd_desc.c ****   * @param  length : Pointer to data length variable
 334:USB_DEVICE/App/usbd_desc.c ****   * @retval Pointer to descriptor buffer
 335:USB_DEVICE/App/usbd_desc.c ****   */
 336:USB_DEVICE/App/usbd_desc.c **** uint8_t * USBD_FS_ConfigStrDescriptor(USBD_SpeedTypeDef speed, uint16_t *length)
 337:USB_DEVICE/App/usbd_desc.c **** {
 338:USB_DEVICE/App/usbd_desc.c ****   if(speed == USBD_SPEED_HIGH)
 339:USB_DEVICE/App/usbd_desc.c ****   {
 340:USB_DEVICE/App/usbd_desc.c ****     USBD_GetString((uint8_t *)USBD_CONFIGURATION_STRING_FS, USBD_StrDesc, length);
 341:USB_DEVICE/App/usbd_desc.c ****   }
 342:USB_DEVICE/App/usbd_desc.c ****   else
 343:USB_DEVICE/App/usbd_desc.c ****   {
 344:USB_DEVICE/App/usbd_desc.c ****     USBD_GetString((uint8_t *)USBD_CONFIGURATION_STRING_FS, USBD_StrDesc, length);
 345:USB_DEVICE/App/usbd_desc.c ****   }
 346:USB_DEVICE/App/usbd_desc.c ****   return USBD_StrDesc;
 347:USB_DEVICE/App/usbd_desc.c **** }
 348:USB_DEVICE/App/usbd_desc.c **** 
 349:USB_DEVICE/App/usbd_desc.c **** /**
 350:USB_DEVICE/App/usbd_desc.c ****   * @brief  Return the interface string descriptor
 351:USB_DEVICE/App/usbd_desc.c ****   * @param  speed : Current device speed
 352:USB_DEVICE/App/usbd_desc.c ****   * @param  length : Pointer to data length variable
 353:USB_DEVICE/App/usbd_desc.c ****   * @retval Pointer to descriptor buffer
 354:USB_DEVICE/App/usbd_desc.c ****   */
 355:USB_DEVICE/App/usbd_desc.c **** uint8_t * USBD_FS_InterfaceStrDescriptor(USBD_SpeedTypeDef speed, uint16_t *length)
 356:USB_DEVICE/App/usbd_desc.c **** {
 357:USB_DEVICE/App/usbd_desc.c ****   if(speed == 0)
 358:USB_DEVICE/App/usbd_desc.c ****   {
 359:USB_DEVICE/App/usbd_desc.c ****     USBD_GetString((uint8_t *)USBD_INTERFACE_STRING_FS, USBD_StrDesc, length);
 360:USB_DEVICE/App/usbd_desc.c ****   }
 361:USB_DEVICE/App/usbd_desc.c ****   else
 362:USB_DEVICE/App/usbd_desc.c ****   {
 363:USB_DEVICE/App/usbd_desc.c ****     USBD_GetString((uint8_t *)USBD_INTERFACE_STRING_FS, USBD_StrDesc, length);
 364:USB_DEVICE/App/usbd_desc.c ****   }
ARM GAS  /tmp/ccRIWn8d.s 			page 9


 365:USB_DEVICE/App/usbd_desc.c ****   return USBD_StrDesc;
 366:USB_DEVICE/App/usbd_desc.c **** }
 367:USB_DEVICE/App/usbd_desc.c **** 
 368:USB_DEVICE/App/usbd_desc.c **** #if (USBD_LPM_ENABLED == 1)
 369:USB_DEVICE/App/usbd_desc.c **** /**
 370:USB_DEVICE/App/usbd_desc.c ****   * @brief  Return the BOS descriptor
 371:USB_DEVICE/App/usbd_desc.c ****   * @param  speed : Current device speed
 372:USB_DEVICE/App/usbd_desc.c ****   * @param  length : Pointer to data length variable
 373:USB_DEVICE/App/usbd_desc.c ****   * @retval Pointer to descriptor buffer
 374:USB_DEVICE/App/usbd_desc.c ****   */
 375:USB_DEVICE/App/usbd_desc.c **** uint8_t * USBD_FS_USR_BOSDescriptor(USBD_SpeedTypeDef speed, uint16_t *length)
 376:USB_DEVICE/App/usbd_desc.c **** {
  98              		.loc 1 376 1 is_stmt 1 view -0
  99              		.cfi_startproc
 100              		@ args = 0, pretend = 0, frame = 0
 101              		@ frame_needed = 0, uses_anonymous_args = 0
 102              		@ link register save eliminated.
 377:USB_DEVICE/App/usbd_desc.c ****   UNUSED(speed);
 103              		.loc 1 377 3 view .LVU15
 378:USB_DEVICE/App/usbd_desc.c ****   *length = sizeof(USBD_FS_BOSDesc);
 104              		.loc 1 378 3 view .LVU16
 105              		.loc 1 378 11 is_stmt 0 view .LVU17
 106 0000 0C23     		movs	r3, #12
 107 0002 0B80     		strh	r3, [r1]	@ movhi
 379:USB_DEVICE/App/usbd_desc.c ****   return (uint8_t*)USBD_FS_BOSDesc;
 108              		.loc 1 379 3 is_stmt 1 view .LVU18
 380:USB_DEVICE/App/usbd_desc.c **** }
 109              		.loc 1 380 1 is_stmt 0 view .LVU19
 110 0004 0048     		ldr	r0, .L8
 111              	.LVL5:
 112              		.loc 1 380 1 view .LVU20
 113 0006 7047     		bx	lr
 114              	.L9:
 115              		.align	2
 116              	.L8:
 117 0008 00000000 		.word	.LANCHOR2
 118              		.cfi_endproc
 119              	.LFE145:
 121              		.section	.text.IntToUnicode,"ax",%progbits
 122              		.align	1
 123              		.syntax unified
 124              		.thumb
 125              		.thumb_func
 126              		.fpu fpv4-sp-d16
 128              	IntToUnicode:
 129              	.LVL6:
 130              	.LFB147:
 381:USB_DEVICE/App/usbd_desc.c **** #endif /* (USBD_LPM_ENABLED == 1) */
 382:USB_DEVICE/App/usbd_desc.c **** 
 383:USB_DEVICE/App/usbd_desc.c **** /**
 384:USB_DEVICE/App/usbd_desc.c ****   * @brief  Create the serial number string descriptor
 385:USB_DEVICE/App/usbd_desc.c ****   * @param  None
 386:USB_DEVICE/App/usbd_desc.c ****   * @retval None
 387:USB_DEVICE/App/usbd_desc.c ****   */
 388:USB_DEVICE/App/usbd_desc.c **** static void Get_SerialNum(void)
 389:USB_DEVICE/App/usbd_desc.c **** {
 390:USB_DEVICE/App/usbd_desc.c ****   uint32_t deviceserial0;
ARM GAS  /tmp/ccRIWn8d.s 			page 10


 391:USB_DEVICE/App/usbd_desc.c ****   uint32_t deviceserial1;
 392:USB_DEVICE/App/usbd_desc.c ****   uint32_t deviceserial2;
 393:USB_DEVICE/App/usbd_desc.c **** 
 394:USB_DEVICE/App/usbd_desc.c ****   deviceserial0 = *(uint32_t *) DEVICE_ID1;
 395:USB_DEVICE/App/usbd_desc.c ****   deviceserial1 = *(uint32_t *) DEVICE_ID2;
 396:USB_DEVICE/App/usbd_desc.c ****   deviceserial2 = *(uint32_t *) DEVICE_ID3;
 397:USB_DEVICE/App/usbd_desc.c **** 
 398:USB_DEVICE/App/usbd_desc.c ****   deviceserial0 += deviceserial2;
 399:USB_DEVICE/App/usbd_desc.c **** 
 400:USB_DEVICE/App/usbd_desc.c ****   if (deviceserial0 != 0)
 401:USB_DEVICE/App/usbd_desc.c ****   {
 402:USB_DEVICE/App/usbd_desc.c ****     IntToUnicode(deviceserial0, &USBD_StringSerial[2], 8);
 403:USB_DEVICE/App/usbd_desc.c ****     IntToUnicode(deviceserial1, &USBD_StringSerial[18], 4);
 404:USB_DEVICE/App/usbd_desc.c ****   }
 405:USB_DEVICE/App/usbd_desc.c **** }
 406:USB_DEVICE/App/usbd_desc.c **** 
 407:USB_DEVICE/App/usbd_desc.c **** /**
 408:USB_DEVICE/App/usbd_desc.c ****   * @brief  Convert Hex 32Bits value into char
 409:USB_DEVICE/App/usbd_desc.c ****   * @param  value: value to convert
 410:USB_DEVICE/App/usbd_desc.c ****   * @param  pbuf: pointer to the buffer
 411:USB_DEVICE/App/usbd_desc.c ****   * @param  len: buffer length
 412:USB_DEVICE/App/usbd_desc.c ****   * @retval None
 413:USB_DEVICE/App/usbd_desc.c ****   */
 414:USB_DEVICE/App/usbd_desc.c **** static void IntToUnicode(uint32_t value, uint8_t * pbuf, uint8_t len)
 415:USB_DEVICE/App/usbd_desc.c **** {
 131              		.loc 1 415 1 is_stmt 1 view -0
 132              		.cfi_startproc
 133              		@ args = 0, pretend = 0, frame = 0
 134              		@ frame_needed = 0, uses_anonymous_args = 0
 135              		@ link register save eliminated.
 416:USB_DEVICE/App/usbd_desc.c ****   uint8_t idx = 0;
 136              		.loc 1 416 3 view .LVU22
 417:USB_DEVICE/App/usbd_desc.c **** 
 418:USB_DEVICE/App/usbd_desc.c ****   for (idx = 0; idx < len; idx++)
 137              		.loc 1 418 3 view .LVU23
 138              		.loc 1 418 12 is_stmt 0 view .LVU24
 139 0000 0023     		movs	r3, #0
 140              	.LVL7:
 141              		.loc 1 418 17 is_stmt 1 view .LVU25
 142              		.loc 1 418 3 is_stmt 0 view .LVU26
 143 0002 9342     		cmp	r3, r2
 144 0004 17D2     		bcs	.L18
 415:USB_DEVICE/App/usbd_desc.c ****   uint8_t idx = 0;
 145              		.loc 1 415 1 view .LVU27
 146 0006 30B4     		push	{r4, r5}
 147              	.LCFI0:
 148              		.cfi_def_cfa_offset 8
 149              		.cfi_offset 4, -8
 150              		.cfi_offset 5, -4
 151 0008 0BE0     		b	.L14
 152              	.L12:
 419:USB_DEVICE/App/usbd_desc.c ****   {
 420:USB_DEVICE/App/usbd_desc.c ****     if (((value >> 28)) < 0xA)
 421:USB_DEVICE/App/usbd_desc.c ****     {
 422:USB_DEVICE/App/usbd_desc.c ****       pbuf[2 * idx] = (value >> 28) + '0';
 423:USB_DEVICE/App/usbd_desc.c ****     }
 424:USB_DEVICE/App/usbd_desc.c ****     else
ARM GAS  /tmp/ccRIWn8d.s 			page 11


 425:USB_DEVICE/App/usbd_desc.c ****     {
 426:USB_DEVICE/App/usbd_desc.c ****       pbuf[2 * idx] = (value >> 28) + 'A' - 10;
 153              		.loc 1 426 7 is_stmt 1 view .LVU28
 154              		.loc 1 426 43 is_stmt 0 view .LVU29
 155 000a 3734     		adds	r4, r4, #55
 156              		.loc 1 426 21 view .LVU30
 157 000c 01F81340 		strb	r4, [r1, r3, lsl #1]
 158              	.L13:
 427:USB_DEVICE/App/usbd_desc.c ****     }
 428:USB_DEVICE/App/usbd_desc.c **** 
 429:USB_DEVICE/App/usbd_desc.c ****     value = value << 4;
 159              		.loc 1 429 5 is_stmt 1 discriminator 2 view .LVU31
 160              		.loc 1 429 11 is_stmt 0 discriminator 2 view .LVU32
 161 0010 0001     		lsls	r0, r0, #4
 162              	.LVL8:
 430:USB_DEVICE/App/usbd_desc.c **** 
 431:USB_DEVICE/App/usbd_desc.c ****     pbuf[2 * idx + 1] = 0;
 163              		.loc 1 431 5 is_stmt 1 discriminator 2 view .LVU33
 164              		.loc 1 431 12 is_stmt 0 discriminator 2 view .LVU34
 165 0012 5C00     		lsls	r4, r3, #1
 166              		.loc 1 431 9 discriminator 2 view .LVU35
 167 0014 0134     		adds	r4, r4, #1
 168              		.loc 1 431 23 discriminator 2 view .LVU36
 169 0016 0025     		movs	r5, #0
 170 0018 0D55     		strb	r5, [r1, r4]
 418:USB_DEVICE/App/usbd_desc.c ****   {
 171              		.loc 1 418 28 is_stmt 1 discriminator 2 view .LVU37
 418:USB_DEVICE/App/usbd_desc.c ****   {
 172              		.loc 1 418 31 is_stmt 0 discriminator 2 view .LVU38
 173 001a 0133     		adds	r3, r3, #1
 174              	.LVL9:
 418:USB_DEVICE/App/usbd_desc.c ****   {
 175              		.loc 1 418 31 discriminator 2 view .LVU39
 176 001c DBB2     		uxtb	r3, r3
 177              	.LVL10:
 418:USB_DEVICE/App/usbd_desc.c ****   {
 178              		.loc 1 418 17 is_stmt 1 discriminator 2 view .LVU40
 418:USB_DEVICE/App/usbd_desc.c ****   {
 179              		.loc 1 418 3 is_stmt 0 discriminator 2 view .LVU41
 180 001e 9342     		cmp	r3, r2
 181 0020 07D2     		bcs	.L19
 182              	.L14:
 420:USB_DEVICE/App/usbd_desc.c ****     {
 183              		.loc 1 420 5 is_stmt 1 view .LVU42
 420:USB_DEVICE/App/usbd_desc.c ****     {
 184              		.loc 1 420 17 is_stmt 0 view .LVU43
 185 0022 040F     		lsrs	r4, r0, #28
 420:USB_DEVICE/App/usbd_desc.c ****     {
 186              		.loc 1 420 8 view .LVU44
 187 0024 B0F1204F 		cmp	r0, #-1610612736
 188 0028 EFD2     		bcs	.L12
 422:USB_DEVICE/App/usbd_desc.c ****     }
 189              		.loc 1 422 7 is_stmt 1 view .LVU45
 422:USB_DEVICE/App/usbd_desc.c ****     }
 190              		.loc 1 422 37 is_stmt 0 view .LVU46
 191 002a 3034     		adds	r4, r4, #48
 422:USB_DEVICE/App/usbd_desc.c ****     }
ARM GAS  /tmp/ccRIWn8d.s 			page 12


 192              		.loc 1 422 21 view .LVU47
 193 002c 01F81340 		strb	r4, [r1, r3, lsl #1]
 194 0030 EEE7     		b	.L13
 195              	.L19:
 432:USB_DEVICE/App/usbd_desc.c ****   }
 433:USB_DEVICE/App/usbd_desc.c **** }
 196              		.loc 1 433 1 view .LVU48
 197 0032 30BC     		pop	{r4, r5}
 198              	.LCFI1:
 199              		.cfi_restore 5
 200              		.cfi_restore 4
 201              		.cfi_def_cfa_offset 0
 202 0034 7047     		bx	lr
 203              	.L18:
 204              		.loc 1 433 1 view .LVU49
 205 0036 7047     		bx	lr
 206              		.cfi_endproc
 207              	.LFE147:
 209              		.section	.text.Get_SerialNum,"ax",%progbits
 210              		.align	1
 211              		.syntax unified
 212              		.thumb
 213              		.thumb_func
 214              		.fpu fpv4-sp-d16
 216              	Get_SerialNum:
 217              	.LFB146:
 389:USB_DEVICE/App/usbd_desc.c ****   uint32_t deviceserial0;
 218              		.loc 1 389 1 is_stmt 1 view -0
 219              		.cfi_startproc
 220              		@ args = 0, pretend = 0, frame = 0
 221              		@ frame_needed = 0, uses_anonymous_args = 0
 222 0000 38B5     		push	{r3, r4, r5, lr}
 223              	.LCFI2:
 224              		.cfi_def_cfa_offset 16
 225              		.cfi_offset 3, -16
 226              		.cfi_offset 4, -12
 227              		.cfi_offset 5, -8
 228              		.cfi_offset 14, -4
 390:USB_DEVICE/App/usbd_desc.c ****   uint32_t deviceserial1;
 229              		.loc 1 390 3 view .LVU51
 391:USB_DEVICE/App/usbd_desc.c ****   uint32_t deviceserial2;
 230              		.loc 1 391 3 view .LVU52
 392:USB_DEVICE/App/usbd_desc.c **** 
 231              		.loc 1 392 3 view .LVU53
 394:USB_DEVICE/App/usbd_desc.c ****   deviceserial1 = *(uint32_t *) DEVICE_ID2;
 232              		.loc 1 394 3 view .LVU54
 394:USB_DEVICE/App/usbd_desc.c ****   deviceserial1 = *(uint32_t *) DEVICE_ID2;
 233              		.loc 1 394 17 is_stmt 0 view .LVU55
 234 0002 0A4B     		ldr	r3, .L24
 235 0004 1868     		ldr	r0, [r3]
 236              	.LVL11:
 395:USB_DEVICE/App/usbd_desc.c ****   deviceserial2 = *(uint32_t *) DEVICE_ID3;
 237              		.loc 1 395 3 is_stmt 1 view .LVU56
 395:USB_DEVICE/App/usbd_desc.c ****   deviceserial2 = *(uint32_t *) DEVICE_ID3;
 238              		.loc 1 395 17 is_stmt 0 view .LVU57
 239 0006 0433     		adds	r3, r3, #4
 240 0008 1C68     		ldr	r4, [r3]
ARM GAS  /tmp/ccRIWn8d.s 			page 13


 241              	.LVL12:
 396:USB_DEVICE/App/usbd_desc.c **** 
 242              		.loc 1 396 3 is_stmt 1 view .LVU58
 396:USB_DEVICE/App/usbd_desc.c **** 
 243              		.loc 1 396 17 is_stmt 0 view .LVU59
 244 000a 0433     		adds	r3, r3, #4
 245 000c 1B68     		ldr	r3, [r3]
 246              	.LVL13:
 398:USB_DEVICE/App/usbd_desc.c **** 
 247              		.loc 1 398 3 is_stmt 1 view .LVU60
 400:USB_DEVICE/App/usbd_desc.c ****   {
 248              		.loc 1 400 3 view .LVU61
 400:USB_DEVICE/App/usbd_desc.c ****   {
 249              		.loc 1 400 6 is_stmt 0 view .LVU62
 250 000e C018     		adds	r0, r0, r3
 251              	.LVL14:
 400:USB_DEVICE/App/usbd_desc.c ****   {
 252              		.loc 1 400 6 view .LVU63
 253 0010 00D1     		bne	.L23
 254              	.LVL15:
 255              	.L20:
 405:USB_DEVICE/App/usbd_desc.c **** 
 256              		.loc 1 405 1 view .LVU64
 257 0012 38BD     		pop	{r3, r4, r5, pc}
 258              	.LVL16:
 259              	.L23:
 402:USB_DEVICE/App/usbd_desc.c ****     IntToUnicode(deviceserial1, &USBD_StringSerial[18], 4);
 260              		.loc 1 402 5 is_stmt 1 view .LVU65
 261 0014 064D     		ldr	r5, .L24+4
 262 0016 0822     		movs	r2, #8
 263 0018 A91C     		adds	r1, r5, #2
 264 001a FFF7FEFF 		bl	IntToUnicode
 265              	.LVL17:
 403:USB_DEVICE/App/usbd_desc.c ****   }
 266              		.loc 1 403 5 view .LVU66
 267 001e 0422     		movs	r2, #4
 268 0020 05F11201 		add	r1, r5, #18
 269 0024 2046     		mov	r0, r4
 270 0026 FFF7FEFF 		bl	IntToUnicode
 271              	.LVL18:
 405:USB_DEVICE/App/usbd_desc.c **** 
 272              		.loc 1 405 1 is_stmt 0 view .LVU67
 273 002a F2E7     		b	.L20
 274              	.L25:
 275              		.align	2
 276              	.L24:
 277 002c 107AFF1F 		.word	536836624
 278 0030 00000000 		.word	.LANCHOR3
 279              		.cfi_endproc
 280              	.LFE146:
 282              		.section	.text.USBD_FS_SerialStrDescriptor,"ax",%progbits
 283              		.align	1
 284              		.global	USBD_FS_SerialStrDescriptor
 285              		.syntax unified
 286              		.thumb
 287              		.thumb_func
 288              		.fpu fpv4-sp-d16
ARM GAS  /tmp/ccRIWn8d.s 			page 14


 290              	USBD_FS_SerialStrDescriptor:
 291              	.LVL19:
 292              	.LFB142:
 317:USB_DEVICE/App/usbd_desc.c ****   UNUSED(speed);
 293              		.loc 1 317 1 is_stmt 1 view -0
 294              		.cfi_startproc
 295              		@ args = 0, pretend = 0, frame = 0
 296              		@ frame_needed = 0, uses_anonymous_args = 0
 317:USB_DEVICE/App/usbd_desc.c ****   UNUSED(speed);
 297              		.loc 1 317 1 is_stmt 0 view .LVU69
 298 0000 08B5     		push	{r3, lr}
 299              	.LCFI3:
 300              		.cfi_def_cfa_offset 8
 301              		.cfi_offset 3, -8
 302              		.cfi_offset 14, -4
 318:USB_DEVICE/App/usbd_desc.c ****   *length = USB_SIZ_STRING_SERIAL;
 303              		.loc 1 318 3 is_stmt 1 view .LVU70
 319:USB_DEVICE/App/usbd_desc.c **** 
 304              		.loc 1 319 3 view .LVU71
 319:USB_DEVICE/App/usbd_desc.c **** 
 305              		.loc 1 319 11 is_stmt 0 view .LVU72
 306 0002 1A23     		movs	r3, #26
 307 0004 0B80     		strh	r3, [r1]	@ movhi
 323:USB_DEVICE/App/usbd_desc.c ****   /* USER CODE BEGIN USBD_FS_SerialStrDescriptor */
 308              		.loc 1 323 3 is_stmt 1 view .LVU73
 309 0006 FFF7FEFF 		bl	Get_SerialNum
 310              	.LVL20:
 327:USB_DEVICE/App/usbd_desc.c **** }
 311              		.loc 1 327 3 view .LVU74
 328:USB_DEVICE/App/usbd_desc.c **** 
 312              		.loc 1 328 1 is_stmt 0 view .LVU75
 313 000a 0148     		ldr	r0, .L28
 314 000c 08BD     		pop	{r3, pc}
 315              	.L29:
 316 000e 00BF     		.align	2
 317              	.L28:
 318 0010 00000000 		.word	.LANCHOR3
 319              		.cfi_endproc
 320              	.LFE142:
 322              		.section	.rodata.USBD_FS_ProductStrDescriptor.str1.4,"aMS",%progbits,1
 323              		.align	2
 324              	.LC0:
 325 0000 53544D33 		.ascii	"STM32 Virtual ComPort\000"
 325      32205669 
 325      72747561 
 325      6C20436F 
 325      6D506F72 
 326              		.section	.text.USBD_FS_ProductStrDescriptor,"ax",%progbits
 327              		.align	1
 328              		.global	USBD_FS_ProductStrDescriptor
 329              		.syntax unified
 330              		.thumb
 331              		.thumb_func
 332              		.fpu fpv4-sp-d16
 334              	USBD_FS_ProductStrDescriptor:
 335              	.LVL21:
 336              	.LFB140:
ARM GAS  /tmp/ccRIWn8d.s 			page 15


 285:USB_DEVICE/App/usbd_desc.c ****   if(speed == 0)
 337              		.loc 1 285 1 is_stmt 1 view -0
 338              		.cfi_startproc
 339              		@ args = 0, pretend = 0, frame = 0
 340              		@ frame_needed = 0, uses_anonymous_args = 0
 285:USB_DEVICE/App/usbd_desc.c ****   if(speed == 0)
 341              		.loc 1 285 1 is_stmt 0 view .LVU77
 342 0000 08B5     		push	{r3, lr}
 343              	.LCFI4:
 344              		.cfi_def_cfa_offset 8
 345              		.cfi_offset 3, -8
 346              		.cfi_offset 14, -4
 347 0002 0A46     		mov	r2, r1
 286:USB_DEVICE/App/usbd_desc.c ****   {
 348              		.loc 1 286 3 is_stmt 1 view .LVU78
 286:USB_DEVICE/App/usbd_desc.c ****   {
 349              		.loc 1 286 5 is_stmt 0 view .LVU79
 350 0004 28B9     		cbnz	r0, .L31
 288:USB_DEVICE/App/usbd_desc.c ****   }
 351              		.loc 1 288 5 is_stmt 1 view .LVU80
 352 0006 0549     		ldr	r1, .L34
 353              	.LVL22:
 288:USB_DEVICE/App/usbd_desc.c ****   }
 354              		.loc 1 288 5 is_stmt 0 view .LVU81
 355 0008 0548     		ldr	r0, .L34+4
 356              	.LVL23:
 288:USB_DEVICE/App/usbd_desc.c ****   }
 357              		.loc 1 288 5 view .LVU82
 358 000a FFF7FEFF 		bl	USBD_GetString
 359              	.LVL24:
 360              	.L32:
 294:USB_DEVICE/App/usbd_desc.c **** }
 361              		.loc 1 294 3 is_stmt 1 view .LVU83
 295:USB_DEVICE/App/usbd_desc.c **** 
 362              		.loc 1 295 1 is_stmt 0 view .LVU84
 363 000e 0348     		ldr	r0, .L34
 364 0010 08BD     		pop	{r3, pc}
 365              	.LVL25:
 366              	.L31:
 292:USB_DEVICE/App/usbd_desc.c ****   }
 367              		.loc 1 292 5 is_stmt 1 view .LVU85
 368 0012 0249     		ldr	r1, .L34
 369              	.LVL26:
 292:USB_DEVICE/App/usbd_desc.c ****   }
 370              		.loc 1 292 5 is_stmt 0 view .LVU86
 371 0014 0248     		ldr	r0, .L34+4
 372              	.LVL27:
 292:USB_DEVICE/App/usbd_desc.c ****   }
 373              		.loc 1 292 5 view .LVU87
 374 0016 FFF7FEFF 		bl	USBD_GetString
 375              	.LVL28:
 292:USB_DEVICE/App/usbd_desc.c ****   }
 376              		.loc 1 292 5 view .LVU88
 377 001a F8E7     		b	.L32
 378              	.L35:
 379              		.align	2
 380              	.L34:
ARM GAS  /tmp/ccRIWn8d.s 			page 16


 381 001c 00000000 		.word	USBD_StrDesc
 382 0020 00000000 		.word	.LC0
 383              		.cfi_endproc
 384              	.LFE140:
 386              		.section	.rodata.USBD_FS_ManufacturerStrDescriptor.str1.4,"aMS",%progbits,1
 387              		.align	2
 388              	.LC1:
 389 0000 53544D69 		.ascii	"STMicroelectronics\000"
 389      63726F65 
 389      6C656374 
 389      726F6E69 
 389      637300
 390              		.section	.text.USBD_FS_ManufacturerStrDescriptor,"ax",%progbits
 391              		.align	1
 392              		.global	USBD_FS_ManufacturerStrDescriptor
 393              		.syntax unified
 394              		.thumb
 395              		.thumb_func
 396              		.fpu fpv4-sp-d16
 398              	USBD_FS_ManufacturerStrDescriptor:
 399              	.LVL29:
 400              	.LFB141:
 304:USB_DEVICE/App/usbd_desc.c ****   UNUSED(speed);
 401              		.loc 1 304 1 is_stmt 1 view -0
 402              		.cfi_startproc
 403              		@ args = 0, pretend = 0, frame = 0
 404              		@ frame_needed = 0, uses_anonymous_args = 0
 304:USB_DEVICE/App/usbd_desc.c ****   UNUSED(speed);
 405              		.loc 1 304 1 is_stmt 0 view .LVU90
 406 0000 10B5     		push	{r4, lr}
 407              	.LCFI5:
 408              		.cfi_def_cfa_offset 8
 409              		.cfi_offset 4, -8
 410              		.cfi_offset 14, -4
 411 0002 0A46     		mov	r2, r1
 305:USB_DEVICE/App/usbd_desc.c ****   USBD_GetString((uint8_t *)USBD_MANUFACTURER_STRING, USBD_StrDesc, length);
 412              		.loc 1 305 3 is_stmt 1 view .LVU91
 306:USB_DEVICE/App/usbd_desc.c ****   return USBD_StrDesc;
 413              		.loc 1 306 3 view .LVU92
 414 0004 034C     		ldr	r4, .L38
 415 0006 2146     		mov	r1, r4
 416              	.LVL30:
 306:USB_DEVICE/App/usbd_desc.c ****   return USBD_StrDesc;
 417              		.loc 1 306 3 is_stmt 0 view .LVU93
 418 0008 0348     		ldr	r0, .L38+4
 419              	.LVL31:
 306:USB_DEVICE/App/usbd_desc.c ****   return USBD_StrDesc;
 420              		.loc 1 306 3 view .LVU94
 421 000a FFF7FEFF 		bl	USBD_GetString
 422              	.LVL32:
 307:USB_DEVICE/App/usbd_desc.c **** }
 423              		.loc 1 307 3 is_stmt 1 view .LVU95
 308:USB_DEVICE/App/usbd_desc.c **** 
 424              		.loc 1 308 1 is_stmt 0 view .LVU96
 425 000e 2046     		mov	r0, r4
 426 0010 10BD     		pop	{r4, pc}
 427              	.L39:
ARM GAS  /tmp/ccRIWn8d.s 			page 17


 428 0012 00BF     		.align	2
 429              	.L38:
 430 0014 00000000 		.word	USBD_StrDesc
 431 0018 00000000 		.word	.LC1
 432              		.cfi_endproc
 433              	.LFE141:
 435              		.section	.rodata.USBD_FS_ConfigStrDescriptor.str1.4,"aMS",%progbits,1
 436              		.align	2
 437              	.LC2:
 438 0000 43444320 		.ascii	"CDC Config\000"
 438      436F6E66 
 438      696700
 439              		.section	.text.USBD_FS_ConfigStrDescriptor,"ax",%progbits
 440              		.align	1
 441              		.global	USBD_FS_ConfigStrDescriptor
 442              		.syntax unified
 443              		.thumb
 444              		.thumb_func
 445              		.fpu fpv4-sp-d16
 447              	USBD_FS_ConfigStrDescriptor:
 448              	.LVL33:
 449              	.LFB143:
 337:USB_DEVICE/App/usbd_desc.c ****   if(speed == USBD_SPEED_HIGH)
 450              		.loc 1 337 1 is_stmt 1 view -0
 451              		.cfi_startproc
 452              		@ args = 0, pretend = 0, frame = 0
 453              		@ frame_needed = 0, uses_anonymous_args = 0
 337:USB_DEVICE/App/usbd_desc.c ****   if(speed == USBD_SPEED_HIGH)
 454              		.loc 1 337 1 is_stmt 0 view .LVU98
 455 0000 08B5     		push	{r3, lr}
 456              	.LCFI6:
 457              		.cfi_def_cfa_offset 8
 458              		.cfi_offset 3, -8
 459              		.cfi_offset 14, -4
 460 0002 0A46     		mov	r2, r1
 338:USB_DEVICE/App/usbd_desc.c ****   {
 461              		.loc 1 338 3 is_stmt 1 view .LVU99
 338:USB_DEVICE/App/usbd_desc.c ****   {
 462              		.loc 1 338 5 is_stmt 0 view .LVU100
 463 0004 28B9     		cbnz	r0, .L41
 340:USB_DEVICE/App/usbd_desc.c ****   }
 464              		.loc 1 340 5 is_stmt 1 view .LVU101
 465 0006 0549     		ldr	r1, .L44
 466              	.LVL34:
 340:USB_DEVICE/App/usbd_desc.c ****   }
 467              		.loc 1 340 5 is_stmt 0 view .LVU102
 468 0008 0548     		ldr	r0, .L44+4
 469              	.LVL35:
 340:USB_DEVICE/App/usbd_desc.c ****   }
 470              		.loc 1 340 5 view .LVU103
 471 000a FFF7FEFF 		bl	USBD_GetString
 472              	.LVL36:
 473              	.L42:
 346:USB_DEVICE/App/usbd_desc.c **** }
 474              		.loc 1 346 3 is_stmt 1 view .LVU104
 347:USB_DEVICE/App/usbd_desc.c **** 
 475              		.loc 1 347 1 is_stmt 0 view .LVU105
ARM GAS  /tmp/ccRIWn8d.s 			page 18


 476 000e 0348     		ldr	r0, .L44
 477 0010 08BD     		pop	{r3, pc}
 478              	.LVL37:
 479              	.L41:
 344:USB_DEVICE/App/usbd_desc.c ****   }
 480              		.loc 1 344 5 is_stmt 1 view .LVU106
 481 0012 0249     		ldr	r1, .L44
 482              	.LVL38:
 344:USB_DEVICE/App/usbd_desc.c ****   }
 483              		.loc 1 344 5 is_stmt 0 view .LVU107
 484 0014 0248     		ldr	r0, .L44+4
 485              	.LVL39:
 344:USB_DEVICE/App/usbd_desc.c ****   }
 486              		.loc 1 344 5 view .LVU108
 487 0016 FFF7FEFF 		bl	USBD_GetString
 488              	.LVL40:
 344:USB_DEVICE/App/usbd_desc.c ****   }
 489              		.loc 1 344 5 view .LVU109
 490 001a F8E7     		b	.L42
 491              	.L45:
 492              		.align	2
 493              	.L44:
 494 001c 00000000 		.word	USBD_StrDesc
 495 0020 00000000 		.word	.LC2
 496              		.cfi_endproc
 497              	.LFE143:
 499              		.section	.rodata.USBD_FS_InterfaceStrDescriptor.str1.4,"aMS",%progbits,1
 500              		.align	2
 501              	.LC3:
 502 0000 43444320 		.ascii	"CDC Interface\000"
 502      496E7465 
 502      72666163 
 502      6500
 503              		.section	.text.USBD_FS_InterfaceStrDescriptor,"ax",%progbits
 504              		.align	1
 505              		.global	USBD_FS_InterfaceStrDescriptor
 506              		.syntax unified
 507              		.thumb
 508              		.thumb_func
 509              		.fpu fpv4-sp-d16
 511              	USBD_FS_InterfaceStrDescriptor:
 512              	.LVL41:
 513              	.LFB144:
 356:USB_DEVICE/App/usbd_desc.c ****   if(speed == 0)
 514              		.loc 1 356 1 is_stmt 1 view -0
 515              		.cfi_startproc
 516              		@ args = 0, pretend = 0, frame = 0
 517              		@ frame_needed = 0, uses_anonymous_args = 0
 356:USB_DEVICE/App/usbd_desc.c ****   if(speed == 0)
 518              		.loc 1 356 1 is_stmt 0 view .LVU111
 519 0000 08B5     		push	{r3, lr}
 520              	.LCFI7:
 521              		.cfi_def_cfa_offset 8
 522              		.cfi_offset 3, -8
 523              		.cfi_offset 14, -4
 524 0002 0A46     		mov	r2, r1
 357:USB_DEVICE/App/usbd_desc.c ****   {
ARM GAS  /tmp/ccRIWn8d.s 			page 19


 525              		.loc 1 357 3 is_stmt 1 view .LVU112
 357:USB_DEVICE/App/usbd_desc.c ****   {
 526              		.loc 1 357 5 is_stmt 0 view .LVU113
 527 0004 28B9     		cbnz	r0, .L47
 359:USB_DEVICE/App/usbd_desc.c ****   }
 528              		.loc 1 359 5 is_stmt 1 view .LVU114
 529 0006 0549     		ldr	r1, .L50
 530              	.LVL42:
 359:USB_DEVICE/App/usbd_desc.c ****   }
 531              		.loc 1 359 5 is_stmt 0 view .LVU115
 532 0008 0548     		ldr	r0, .L50+4
 533              	.LVL43:
 359:USB_DEVICE/App/usbd_desc.c ****   }
 534              		.loc 1 359 5 view .LVU116
 535 000a FFF7FEFF 		bl	USBD_GetString
 536              	.LVL44:
 537              	.L48:
 365:USB_DEVICE/App/usbd_desc.c **** }
 538              		.loc 1 365 3 is_stmt 1 view .LVU117
 366:USB_DEVICE/App/usbd_desc.c **** 
 539              		.loc 1 366 1 is_stmt 0 view .LVU118
 540 000e 0348     		ldr	r0, .L50
 541 0010 08BD     		pop	{r3, pc}
 542              	.LVL45:
 543              	.L47:
 363:USB_DEVICE/App/usbd_desc.c ****   }
 544              		.loc 1 363 5 is_stmt 1 view .LVU119
 545 0012 0249     		ldr	r1, .L50
 546              	.LVL46:
 363:USB_DEVICE/App/usbd_desc.c ****   }
 547              		.loc 1 363 5 is_stmt 0 view .LVU120
 548 0014 0248     		ldr	r0, .L50+4
 549              	.LVL47:
 363:USB_DEVICE/App/usbd_desc.c ****   }
 550              		.loc 1 363 5 view .LVU121
 551 0016 FFF7FEFF 		bl	USBD_GetString
 552              	.LVL48:
 363:USB_DEVICE/App/usbd_desc.c ****   }
 553              		.loc 1 363 5 view .LVU122
 554 001a F8E7     		b	.L48
 555              	.L51:
 556              		.align	2
 557              	.L50:
 558 001c 00000000 		.word	USBD_StrDesc
 559 0020 00000000 		.word	.LC3
 560              		.cfi_endproc
 561              	.LFE144:
 563              		.global	USBD_StringSerial
 564              		.comm	USBD_StrDesc,512,4
 565              		.global	USBD_LangIDDesc
 566              		.global	USBD_FS_BOSDesc
 567              		.global	USBD_FS_DeviceDesc
 568              		.global	FS_Desc
 569              		.section	.data.FS_Desc,"aw"
 570              		.align	2
 573              	FS_Desc:
 574 0000 00000000 		.word	USBD_FS_DeviceDescriptor
ARM GAS  /tmp/ccRIWn8d.s 			page 20


 575 0004 00000000 		.word	USBD_FS_LangIDStrDescriptor
 576 0008 00000000 		.word	USBD_FS_ManufacturerStrDescriptor
 577 000c 00000000 		.word	USBD_FS_ProductStrDescriptor
 578 0010 00000000 		.word	USBD_FS_SerialStrDescriptor
 579 0014 00000000 		.word	USBD_FS_ConfigStrDescriptor
 580 0018 00000000 		.word	USBD_FS_InterfaceStrDescriptor
 581 001c 00000000 		.word	USBD_FS_USR_BOSDescriptor
 582              		.section	.data.USBD_FS_BOSDesc,"aw"
 583              		.align	2
 584              		.set	.LANCHOR2,. + 0
 587              	USBD_FS_BOSDesc:
 588 0000 050F0C00 		.ascii	"\005\017\014\000\001\007\020\002\002\000\000\000"
 588      01071002 
 588      02000000 
 589              		.section	.data.USBD_FS_DeviceDesc,"aw"
 590              		.align	2
 591              		.set	.LANCHOR0,. + 0
 594              	USBD_FS_DeviceDesc:
 595 0000 12010102 		.ascii	"\022\001\001\002\002\002\000@\203\004@W\000\002\001"
 595      02020040 
 595      83044057 
 595      000201
 596 000f 020301   		.ascii	"\002\003\001"
 597              		.section	.data.USBD_LangIDDesc,"aw"
 598              		.align	2
 599              		.set	.LANCHOR1,. + 0
 602              	USBD_LangIDDesc:
 603 0000 04030904 		.ascii	"\004\003\011\004"
 604              		.section	.data.USBD_StringSerial,"aw"
 605              		.align	2
 606              		.set	.LANCHOR3,. + 0
 609              	USBD_StringSerial:
 610 0000 1A0300   		.ascii	"\032\003\000"
 611 0003 00000000 		.space	23
 611      00000000 
 611      00000000 
 611      00000000 
 611      00000000 
 612              		.text
 613              	.Letext0:
 614              		.file 2 "/usr/include/newlib/machine/_default_types.h"
 615              		.file 3 "/usr/lib/gcc/arm-none-eabi/9.2.1/include/stddef.h"
 616              		.file 4 "/usr/include/newlib/sys/_types.h"
 617              		.file 5 "/usr/include/newlib/sys/reent.h"
 618              		.file 6 "/usr/include/newlib/sys/lock.h"
 619              		.file 7 "/usr/include/newlib/sys/_stdint.h"
 620              		.file 8 "/usr/include/newlib/stdlib.h"
 621              		.file 9 "Drivers/CMSIS/Include/core_cm4.h"
 622              		.file 10 "Drivers/CMSIS/Device/ST/STM32F4xx/Include/system_stm32f4xx.h"
 623              		.file 11 "Drivers/STM32F4xx_HAL_Driver/Inc/stm32f4xx_hal.h"
 624              		.file 12 "Middlewares/ST/STM32_USB_Device_Library/Core/Inc/usbd_def.h"
 625              		.file 13 "USB_DEVICE/App/usbd_desc.h"
 626              		.file 14 "Middlewares/ST/STM32_USB_Device_Library/Core/Inc/usbd_ctlreq.h"
ARM GAS  /tmp/ccRIWn8d.s 			page 21


DEFINED SYMBOLS
                            *ABS*:0000000000000000 usbd_desc.c
     /tmp/ccRIWn8d.s:18     .text.USBD_FS_DeviceDescriptor:0000000000000000 $t
     /tmp/ccRIWn8d.s:26     .text.USBD_FS_DeviceDescriptor:0000000000000000 USBD_FS_DeviceDescriptor
     /tmp/ccRIWn8d.s:49     .text.USBD_FS_DeviceDescriptor:0000000000000008 $d
     /tmp/ccRIWn8d.s:54     .text.USBD_FS_LangIDStrDescriptor:0000000000000000 $t
     /tmp/ccRIWn8d.s:61     .text.USBD_FS_LangIDStrDescriptor:0000000000000000 USBD_FS_LangIDStrDescriptor
     /tmp/ccRIWn8d.s:83     .text.USBD_FS_LangIDStrDescriptor:0000000000000008 $d
     /tmp/ccRIWn8d.s:88     .text.USBD_FS_USR_BOSDescriptor:0000000000000000 $t
     /tmp/ccRIWn8d.s:95     .text.USBD_FS_USR_BOSDescriptor:0000000000000000 USBD_FS_USR_BOSDescriptor
     /tmp/ccRIWn8d.s:117    .text.USBD_FS_USR_BOSDescriptor:0000000000000008 $d
     /tmp/ccRIWn8d.s:122    .text.IntToUnicode:0000000000000000 $t
     /tmp/ccRIWn8d.s:128    .text.IntToUnicode:0000000000000000 IntToUnicode
     /tmp/ccRIWn8d.s:210    .text.Get_SerialNum:0000000000000000 $t
     /tmp/ccRIWn8d.s:216    .text.Get_SerialNum:0000000000000000 Get_SerialNum
     /tmp/ccRIWn8d.s:277    .text.Get_SerialNum:000000000000002c $d
     /tmp/ccRIWn8d.s:283    .text.USBD_FS_SerialStrDescriptor:0000000000000000 $t
     /tmp/ccRIWn8d.s:290    .text.USBD_FS_SerialStrDescriptor:0000000000000000 USBD_FS_SerialStrDescriptor
     /tmp/ccRIWn8d.s:318    .text.USBD_FS_SerialStrDescriptor:0000000000000010 $d
     /tmp/ccRIWn8d.s:323    .rodata.USBD_FS_ProductStrDescriptor.str1.4:0000000000000000 $d
     /tmp/ccRIWn8d.s:327    .text.USBD_FS_ProductStrDescriptor:0000000000000000 $t
     /tmp/ccRIWn8d.s:334    .text.USBD_FS_ProductStrDescriptor:0000000000000000 USBD_FS_ProductStrDescriptor
     /tmp/ccRIWn8d.s:381    .text.USBD_FS_ProductStrDescriptor:000000000000001c $d
                            *COM*:0000000000000200 USBD_StrDesc
     /tmp/ccRIWn8d.s:387    .rodata.USBD_FS_ManufacturerStrDescriptor.str1.4:0000000000000000 $d
     /tmp/ccRIWn8d.s:391    .text.USBD_FS_ManufacturerStrDescriptor:0000000000000000 $t
     /tmp/ccRIWn8d.s:398    .text.USBD_FS_ManufacturerStrDescriptor:0000000000000000 USBD_FS_ManufacturerStrDescriptor
     /tmp/ccRIWn8d.s:430    .text.USBD_FS_ManufacturerStrDescriptor:0000000000000014 $d
     /tmp/ccRIWn8d.s:436    .rodata.USBD_FS_ConfigStrDescriptor.str1.4:0000000000000000 $d
     /tmp/ccRIWn8d.s:440    .text.USBD_FS_ConfigStrDescriptor:0000000000000000 $t
     /tmp/ccRIWn8d.s:447    .text.USBD_FS_ConfigStrDescriptor:0000000000000000 USBD_FS_ConfigStrDescriptor
     /tmp/ccRIWn8d.s:494    .text.USBD_FS_ConfigStrDescriptor:000000000000001c $d
     /tmp/ccRIWn8d.s:500    .rodata.USBD_FS_InterfaceStrDescriptor.str1.4:0000000000000000 $d
     /tmp/ccRIWn8d.s:504    .text.USBD_FS_InterfaceStrDescriptor:0000000000000000 $t
     /tmp/ccRIWn8d.s:511    .text.USBD_FS_InterfaceStrDescriptor:0000000000000000 USBD_FS_InterfaceStrDescriptor
     /tmp/ccRIWn8d.s:558    .text.USBD_FS_InterfaceStrDescriptor:000000000000001c $d
     /tmp/ccRIWn8d.s:609    .data.USBD_StringSerial:0000000000000000 USBD_StringSerial
     /tmp/ccRIWn8d.s:602    .data.USBD_LangIDDesc:0000000000000000 USBD_LangIDDesc
     /tmp/ccRIWn8d.s:587    .data.USBD_FS_BOSDesc:0000000000000000 USBD_FS_BOSDesc
     /tmp/ccRIWn8d.s:594    .data.USBD_FS_DeviceDesc:0000000000000000 USBD_FS_DeviceDesc
     /tmp/ccRIWn8d.s:573    .data.FS_Desc:0000000000000000 FS_Desc
     /tmp/ccRIWn8d.s:570    .data.FS_Desc:0000000000000000 $d
     /tmp/ccRIWn8d.s:583    .data.USBD_FS_BOSDesc:0000000000000000 $d
     /tmp/ccRIWn8d.s:590    .data.USBD_FS_DeviceDesc:0000000000000000 $d
     /tmp/ccRIWn8d.s:598    .data.USBD_LangIDDesc:0000000000000000 $d
     /tmp/ccRIWn8d.s:605    .data.USBD_StringSerial:0000000000000000 $d

UNDEFINED SYMBOLS
USBD_GetString
